2022-02-08 09:18:10.080 [main] DEBUG io.netty.util.internal.logging.InternalLoggerFactory - Using Log4J2 as the default logging framework
2022-02-08 09:18:10.086 [main] DEBUG io.netty.util.internal.PlatformDependent0 - -Dio.netty.noUnsafe: false
2022-02-08 09:18:10.087 [main] DEBUG io.netty.util.internal.PlatformDependent0 - Java version: 14
2022-02-08 09:18:10.089 [main] DEBUG io.netty.util.internal.PlatformDependent0 - sun.misc.Unsafe.theUnsafe: available
2022-02-08 09:18:10.090 [main] DEBUG io.netty.util.internal.PlatformDependent0 - sun.misc.Unsafe.copyMemory: available
2022-02-08 09:18:10.091 [main] DEBUG io.netty.util.internal.PlatformDependent0 - java.nio.Buffer.address: available
2022-02-08 09:18:10.091 [main] DEBUG io.netty.util.internal.PlatformDependent0 - direct buffer constructor: unavailable: Reflective setAccessible(true) disabled
2022-02-08 09:18:10.093 [main] DEBUG io.netty.util.internal.PlatformDependent0 - java.nio.Bits.unaligned: available, true
2022-02-08 09:18:10.094 [main] DEBUG io.netty.util.internal.PlatformDependent0 - jdk.internal.misc.Unsafe.allocateUninitializedArray(int): unavailable: class io.netty.util.internal.PlatformDependent0$6 cannot access class jdk.internal.misc.Unsafe (in module java.base) because module java.base does not export jdk.internal.misc to unnamed module @2474f125
2022-02-08 09:18:10.095 [main] DEBUG io.netty.util.internal.PlatformDependent0 - java.nio.DirectByteBuffer.<init>(long, int): unavailable
2022-02-08 09:18:10.096 [main] DEBUG io.netty.util.internal.PlatformDependent - sun.misc.Unsafe: available
2022-02-08 09:18:10.096 [main] DEBUG io.netty.util.internal.PlatformDependent - maxDirectMemory: 4294967296 bytes (maybe)
2022-02-08 09:18:10.097 [main] DEBUG io.netty.util.internal.PlatformDependent - -Dio.netty.tmpdir: /var/folders/5j/c7kjyy2j33nc2j6gjbtmskgr0000gs/T (java.io.tmpdir)
2022-02-08 09:18:10.097 [main] DEBUG io.netty.util.internal.PlatformDependent - -Dio.netty.bitMode: 64 (sun.arch.data.model)
2022-02-08 09:18:10.098 [main] DEBUG io.netty.util.internal.PlatformDependent - Platform: MacOS
2022-02-08 09:18:10.098 [main] DEBUG io.netty.util.internal.PlatformDependent - -Dio.netty.maxDirectMemory: -1 bytes
2022-02-08 09:18:10.099 [main] DEBUG io.netty.util.internal.PlatformDependent - -Dio.netty.uninitializedArrayAllocationThreshold: -1
2022-02-08 09:18:10.100 [main] DEBUG io.netty.util.internal.CleanerJava9 - java.nio.ByteBuffer.cleaner(): available
2022-02-08 09:18:10.100 [main] DEBUG io.netty.util.internal.PlatformDependent - -Dio.netty.noPreferDirect: false
2022-02-08 09:42:31.447 [main] DEBUG io.netty.util.internal.logging.InternalLoggerFactory - Using Log4J2 as the default logging framework
2022-02-08 09:42:31.454 [main] DEBUG io.netty.util.internal.PlatformDependent0 - -Dio.netty.noUnsafe: false
2022-02-08 09:42:31.454 [main] DEBUG io.netty.util.internal.PlatformDependent0 - Java version: 14
2022-02-08 09:42:31.457 [main] DEBUG io.netty.util.internal.PlatformDependent0 - sun.misc.Unsafe.theUnsafe: available
2022-02-08 09:42:31.458 [main] DEBUG io.netty.util.internal.PlatformDependent0 - sun.misc.Unsafe.copyMemory: available
2022-02-08 09:42:31.458 [main] DEBUG io.netty.util.internal.PlatformDependent0 - java.nio.Buffer.address: available
2022-02-08 09:42:31.459 [main] DEBUG io.netty.util.internal.PlatformDependent0 - direct buffer constructor: unavailable: Reflective setAccessible(true) disabled
2022-02-08 09:42:31.460 [main] DEBUG io.netty.util.internal.PlatformDependent0 - java.nio.Bits.unaligned: available, true
2022-02-08 09:42:31.461 [main] DEBUG io.netty.util.internal.PlatformDependent0 - jdk.internal.misc.Unsafe.allocateUninitializedArray(int): unavailable: class io.netty.util.internal.PlatformDependent0$6 cannot access class jdk.internal.misc.Unsafe (in module java.base) because module java.base does not export jdk.internal.misc to unnamed module @2474f125
2022-02-08 09:42:31.463 [main] DEBUG io.netty.util.internal.PlatformDependent0 - java.nio.DirectByteBuffer.<init>(long, int): unavailable
2022-02-08 09:42:31.463 [main] DEBUG io.netty.util.internal.PlatformDependent - sun.misc.Unsafe: available
2022-02-08 09:42:31.464 [main] DEBUG io.netty.util.internal.PlatformDependent - maxDirectMemory: 4294967296 bytes (maybe)
2022-02-08 09:42:31.464 [main] DEBUG io.netty.util.internal.PlatformDependent - -Dio.netty.tmpdir: /var/folders/5j/c7kjyy2j33nc2j6gjbtmskgr0000gs/T (java.io.tmpdir)
2022-02-08 09:42:31.464 [main] DEBUG io.netty.util.internal.PlatformDependent - -Dio.netty.bitMode: 64 (sun.arch.data.model)
2022-02-08 09:42:31.465 [main] DEBUG io.netty.util.internal.PlatformDependent - Platform: MacOS
2022-02-08 09:42:31.466 [main] DEBUG io.netty.util.internal.PlatformDependent - -Dio.netty.maxDirectMemory: -1 bytes
2022-02-08 09:42:31.466 [main] DEBUG io.netty.util.internal.PlatformDependent - -Dio.netty.uninitializedArrayAllocationThreshold: -1
2022-02-08 09:42:31.467 [main] DEBUG io.netty.util.internal.CleanerJava9 - java.nio.ByteBuffer.cleaner(): available
2022-02-08 09:42:31.467 [main] DEBUG io.netty.util.internal.PlatformDependent - -Dio.netty.noPreferDirect: false
2022-02-08 09:43:09.470 [main] DEBUG io.netty.util.internal.logging.InternalLoggerFactory - Using Log4J2 as the default logging framework
2022-02-08 09:43:09.477 [main] DEBUG io.netty.util.internal.PlatformDependent0 - -Dio.netty.noUnsafe: false
2022-02-08 09:43:09.477 [main] DEBUG io.netty.util.internal.PlatformDependent0 - Java version: 14
2022-02-08 09:43:09.479 [main] DEBUG io.netty.util.internal.PlatformDependent0 - sun.misc.Unsafe.theUnsafe: available
2022-02-08 09:43:09.479 [main] DEBUG io.netty.util.internal.PlatformDependent0 - sun.misc.Unsafe.copyMemory: available
2022-02-08 09:43:09.480 [main] DEBUG io.netty.util.internal.PlatformDependent0 - java.nio.Buffer.address: available
2022-02-08 09:43:09.480 [main] DEBUG io.netty.util.internal.PlatformDependent0 - direct buffer constructor: unavailable: Reflective setAccessible(true) disabled
2022-02-08 09:43:09.481 [main] DEBUG io.netty.util.internal.PlatformDependent0 - java.nio.Bits.unaligned: available, true
2022-02-08 09:43:09.482 [main] DEBUG io.netty.util.internal.PlatformDependent0 - jdk.internal.misc.Unsafe.allocateUninitializedArray(int): unavailable: class io.netty.util.internal.PlatformDependent0$6 cannot access class jdk.internal.misc.Unsafe (in module java.base) because module java.base does not export jdk.internal.misc to unnamed module @1d483de4
2022-02-08 09:43:09.483 [main] DEBUG io.netty.util.internal.PlatformDependent0 - java.nio.DirectByteBuffer.<init>(long, int): unavailable
2022-02-08 09:43:09.483 [main] DEBUG io.netty.util.internal.PlatformDependent - sun.misc.Unsafe: available
2022-02-08 09:43:09.484 [main] DEBUG io.netty.util.internal.PlatformDependent - maxDirectMemory: 4294967296 bytes (maybe)
2022-02-08 09:43:09.485 [main] DEBUG io.netty.util.internal.PlatformDependent - -Dio.netty.tmpdir: /var/folders/5j/c7kjyy2j33nc2j6gjbtmskgr0000gs/T (java.io.tmpdir)
2022-02-08 09:43:09.485 [main] DEBUG io.netty.util.internal.PlatformDependent - -Dio.netty.bitMode: 64 (sun.arch.data.model)
2022-02-08 09:43:09.486 [main] DEBUG io.netty.util.internal.PlatformDependent - Platform: MacOS
2022-02-08 09:43:09.486 [main] DEBUG io.netty.util.internal.PlatformDependent - -Dio.netty.maxDirectMemory: -1 bytes
2022-02-08 09:43:09.486 [main] DEBUG io.netty.util.internal.PlatformDependent - -Dio.netty.uninitializedArrayAllocationThreshold: -1
2022-02-08 09:43:09.487 [main] DEBUG io.netty.util.internal.CleanerJava9 - java.nio.ByteBuffer.cleaner(): available
2022-02-08 09:43:09.487 [main] DEBUG io.netty.util.internal.PlatformDependent - -Dio.netty.noPreferDirect: false
2022-02-08 09:43:09.526 [main] DEBUG org.opensearch.threadpool.ThreadPool - created thread pool: name [force_merge], size [1], queue size [unbounded]
2022-02-08 09:43:09.527 [main] DEBUG org.opensearch.threadpool.ThreadPool - created thread pool: name [fetch_shard_started], core [1], max [24], keep alive [5m]
2022-02-08 09:43:09.527 [main] DEBUG org.opensearch.threadpool.ThreadPool - created thread pool: name [listener], size [6], queue size [unbounded]
2022-02-08 09:43:09.528 [main] DEBUG org.opensearch.threadpool.ThreadPool - created thread pool: name [refresh], core [1], max [6], keep alive [5m]
2022-02-08 09:43:09.530 [main] DEBUG org.opensearch.threadpool.ThreadPool - created thread pool: name [system_write], size [5], queue size [1k]
2022-02-08 09:43:09.530 [main] DEBUG org.opensearch.threadpool.ThreadPool - created thread pool: name [generic], core [4], max [128], keep alive [30s]
2022-02-08 09:43:09.531 [main] DEBUG org.opensearch.threadpool.ThreadPool - created thread pool: name [warmer], core [1], max [5], keep alive [5m]
2022-02-08 09:43:09.533 [main] DEBUG org.opensearch.common.util.concurrent.QueueResizingOpenSearchThreadPoolExecutor - thread pool [test/search] will adjust queue by [50] when determining automatic queue size
2022-02-08 09:43:09.533 [main] DEBUG org.opensearch.threadpool.ThreadPool - created thread pool: name [search], size [19], queue size [1k]
2022-02-08 09:43:09.533 [main] DEBUG org.opensearch.threadpool.ThreadPool - created thread pool: name [flush], core [1], max [5], keep alive [5m]
2022-02-08 09:43:09.534 [main] DEBUG org.opensearch.threadpool.ThreadPool - created thread pool: name [fetch_shard_store], core [1], max [24], keep alive [5m]
2022-02-08 09:43:09.534 [main] DEBUG org.opensearch.threadpool.ThreadPool - created thread pool: name [management], core [1], max [5], keep alive [5m]
2022-02-08 09:43:09.534 [main] DEBUG org.opensearch.threadpool.ThreadPool - created thread pool: name [get], size [12], queue size [1k]
2022-02-08 09:43:09.534 [main] DEBUG org.opensearch.threadpool.ThreadPool - created thread pool: name [analyze], size [1], queue size [16]
2022-02-08 09:43:09.535 [main] DEBUG org.opensearch.threadpool.ThreadPool - created thread pool: name [system_read], size [5], queue size [2k]
2022-02-08 09:43:09.535 [main] DEBUG org.opensearch.threadpool.ThreadPool - created thread pool: name [write], size [12], queue size [10k]
2022-02-08 09:43:09.535 [main] DEBUG org.opensearch.threadpool.ThreadPool - created thread pool: name [snapshot], core [1], max [5], keep alive [5m]
2022-02-08 09:43:09.535 [main] DEBUG org.opensearch.common.util.concurrent.QueueResizingOpenSearchThreadPoolExecutor - thread pool [test/search_throttled] will adjust queue by [50] when determining automatic queue size
2022-02-08 09:43:09.536 [main] DEBUG org.opensearch.threadpool.ThreadPool - created thread pool: name [search_throttled], size [1], queue size [100]
2022-02-08 10:03:30.766 [main] DEBUG io.netty.util.internal.logging.InternalLoggerFactory - Using Log4J2 as the default logging framework
2022-02-08 10:03:30.772 [main] DEBUG io.netty.util.internal.PlatformDependent0 - -Dio.netty.noUnsafe: false
2022-02-08 10:03:30.772 [main] DEBUG io.netty.util.internal.PlatformDependent0 - Java version: 14
2022-02-08 10:03:30.774 [main] DEBUG io.netty.util.internal.PlatformDependent0 - sun.misc.Unsafe.theUnsafe: available
2022-02-08 10:03:30.775 [main] DEBUG io.netty.util.internal.PlatformDependent0 - sun.misc.Unsafe.copyMemory: available
2022-02-08 10:03:30.775 [main] DEBUG io.netty.util.internal.PlatformDependent0 - java.nio.Buffer.address: available
2022-02-08 10:03:30.776 [main] DEBUG io.netty.util.internal.PlatformDependent0 - direct buffer constructor: unavailable: Reflective setAccessible(true) disabled
2022-02-08 10:03:30.776 [main] DEBUG io.netty.util.internal.PlatformDependent0 - java.nio.Bits.unaligned: available, true
2022-02-08 10:03:30.778 [main] DEBUG io.netty.util.internal.PlatformDependent0 - jdk.internal.misc.Unsafe.allocateUninitializedArray(int): unavailable: class io.netty.util.internal.PlatformDependent0$6 cannot access class jdk.internal.misc.Unsafe (in module java.base) because module java.base does not export jdk.internal.misc to unnamed module @4eaf3684
2022-02-08 10:03:30.778 [main] DEBUG io.netty.util.internal.PlatformDependent0 - java.nio.DirectByteBuffer.<init>(long, int): unavailable
2022-02-08 10:03:30.779 [main] DEBUG io.netty.util.internal.PlatformDependent - sun.misc.Unsafe: available
2022-02-08 10:03:30.779 [main] DEBUG io.netty.util.internal.PlatformDependent - maxDirectMemory: 4294967296 bytes (maybe)
2022-02-08 10:03:30.779 [main] DEBUG io.netty.util.internal.PlatformDependent - -Dio.netty.tmpdir: /var/folders/5j/c7kjyy2j33nc2j6gjbtmskgr0000gs/T (java.io.tmpdir)
2022-02-08 10:03:30.779 [main] DEBUG io.netty.util.internal.PlatformDependent - -Dio.netty.bitMode: 64 (sun.arch.data.model)
2022-02-08 10:03:30.780 [main] DEBUG io.netty.util.internal.PlatformDependent - Platform: MacOS
2022-02-08 10:03:30.781 [main] DEBUG io.netty.util.internal.PlatformDependent - -Dio.netty.maxDirectMemory: -1 bytes
2022-02-08 10:03:30.781 [main] DEBUG io.netty.util.internal.PlatformDependent - -Dio.netty.uninitializedArrayAllocationThreshold: -1
2022-02-08 10:03:30.782 [main] DEBUG io.netty.util.internal.CleanerJava9 - java.nio.ByteBuffer.cleaner(): available
2022-02-08 10:03:30.782 [main] DEBUG io.netty.util.internal.PlatformDependent - -Dio.netty.noPreferDirect: false
2022-02-08 10:03:30.797 [main] DEBUG io.netty.channel.MultithreadEventLoopGroup - -Dio.netty.eventLoopThreads: 24
2022-02-08 10:03:30.828 [main] DEBUG io.netty.util.internal.InternalThreadLocalMap - -Dio.netty.threadLocalMap.stringBuilder.initialSize: 1024
2022-02-08 10:03:30.829 [main] DEBUG io.netty.util.internal.InternalThreadLocalMap - -Dio.netty.threadLocalMap.stringBuilder.maxSize: 4096
2022-02-08 10:03:30.835 [main] DEBUG io.netty.channel.nio.NioEventLoop - -Dio.netty.noKeySetOptimization: false
2022-02-08 10:03:30.835 [main] DEBUG io.netty.channel.nio.NioEventLoop - -Dio.netty.selectorAutoRebuildThreshold: 512
2022-02-08 10:03:30.841 [main] DEBUG io.netty.util.internal.PlatformDependent - org.jctools-core.MpscChunkedArrayQueue: available
2022-02-08 10:03:30.865 [main] DEBUG org.opensearch.threadpool.ThreadPool - created thread pool: name [force_merge], size [1], queue size [unbounded]
2022-02-08 10:03:30.866 [main] DEBUG org.opensearch.threadpool.ThreadPool - created thread pool: name [fetch_shard_started], core [1], max [24], keep alive [5m]
2022-02-08 10:03:30.866 [main] DEBUG org.opensearch.threadpool.ThreadPool - created thread pool: name [listener], size [6], queue size [unbounded]
2022-02-08 10:03:30.866 [main] DEBUG org.opensearch.threadpool.ThreadPool - created thread pool: name [refresh], core [1], max [6], keep alive [5m]
2022-02-08 10:03:30.869 [main] DEBUG org.opensearch.threadpool.ThreadPool - created thread pool: name [system_write], size [5], queue size [1k]
2022-02-08 10:03:30.869 [main] DEBUG org.opensearch.threadpool.ThreadPool - created thread pool: name [generic], core [4], max [128], keep alive [30s]
2022-02-08 10:03:30.869 [main] DEBUG org.opensearch.threadpool.ThreadPool - created thread pool: name [warmer], core [1], max [5], keep alive [5m]
2022-02-08 10:03:30.871 [main] DEBUG org.opensearch.common.util.concurrent.QueueResizingOpenSearchThreadPoolExecutor - thread pool [test/search] will adjust queue by [50] when determining automatic queue size
2022-02-08 10:03:30.871 [main] DEBUG org.opensearch.threadpool.ThreadPool - created thread pool: name [search], size [19], queue size [1k]
2022-02-08 10:03:30.872 [main] DEBUG org.opensearch.threadpool.ThreadPool - created thread pool: name [flush], core [1], max [5], keep alive [5m]
2022-02-08 10:03:30.872 [main] DEBUG org.opensearch.threadpool.ThreadPool - created thread pool: name [fetch_shard_store], core [1], max [24], keep alive [5m]
2022-02-08 10:03:30.872 [main] DEBUG org.opensearch.threadpool.ThreadPool - created thread pool: name [management], core [1], max [5], keep alive [5m]
2022-02-08 10:03:30.872 [main] DEBUG org.opensearch.threadpool.ThreadPool - created thread pool: name [get], size [12], queue size [1k]
2022-02-08 10:03:30.873 [main] DEBUG org.opensearch.threadpool.ThreadPool - created thread pool: name [analyze], size [1], queue size [16]
2022-02-08 10:03:30.873 [main] DEBUG org.opensearch.threadpool.ThreadPool - created thread pool: name [system_read], size [5], queue size [2k]
2022-02-08 10:03:30.873 [main] DEBUG org.opensearch.threadpool.ThreadPool - created thread pool: name [write], size [12], queue size [10k]
2022-02-08 10:03:30.873 [main] DEBUG org.opensearch.threadpool.ThreadPool - created thread pool: name [snapshot], core [1], max [5], keep alive [5m]
2022-02-08 10:03:30.874 [main] DEBUG org.opensearch.common.util.concurrent.QueueResizingOpenSearchThreadPoolExecutor - thread pool [test/search_throttled] will adjust queue by [50] when determining automatic queue size
2022-02-08 10:03:30.874 [main] DEBUG org.opensearch.threadpool.ThreadPool - created thread pool: name [search_throttled], size [1], queue size [100]
2022-02-08 10:03:30.877 [main] DEBUG IndependentPlugin - using profile[default], worker_count[12], port[3333], bind_host[[]], publish_host[[]], receive_predictor[64kb->64kb]
2022-02-08 10:03:30.894 [main] DEBUG io.netty.util.ResourceLeakDetector - -Dio.netty.leakDetection.level: simple
2022-02-08 10:03:30.894 [main] DEBUG io.netty.util.ResourceLeakDetector - -Dio.netty.leakDetection.targetRecords: 4
2022-02-08 10:03:30.897 [main] DEBUG io.netty.buffer.PooledByteBufAllocator - -Dio.netty.allocator.numHeapArenas: 24
2022-02-08 10:03:30.897 [main] DEBUG io.netty.buffer.PooledByteBufAllocator - -Dio.netty.allocator.numDirectArenas: 24
2022-02-08 10:03:30.897 [main] DEBUG io.netty.buffer.PooledByteBufAllocator - -Dio.netty.allocator.pageSize: 8192
2022-02-08 10:03:30.897 [main] DEBUG io.netty.buffer.PooledByteBufAllocator - -Dio.netty.allocator.maxOrder: 11
2022-02-08 10:03:30.897 [main] DEBUG io.netty.buffer.PooledByteBufAllocator - -Dio.netty.allocator.chunkSize: 16777216
2022-02-08 10:03:30.897 [main] DEBUG io.netty.buffer.PooledByteBufAllocator - -Dio.netty.allocator.smallCacheSize: 256
2022-02-08 10:03:30.897 [main] DEBUG io.netty.buffer.PooledByteBufAllocator - -Dio.netty.allocator.normalCacheSize: 64
2022-02-08 10:03:30.897 [main] DEBUG io.netty.buffer.PooledByteBufAllocator - -Dio.netty.allocator.maxCachedBufferCapacity: 32768
2022-02-08 10:03:30.897 [main] DEBUG io.netty.buffer.PooledByteBufAllocator - -Dio.netty.allocator.cacheTrimInterval: 8192
2022-02-08 10:03:30.898 [main] DEBUG io.netty.buffer.PooledByteBufAllocator - -Dio.netty.allocator.cacheTrimIntervalMillis: 0
2022-02-08 10:03:30.898 [main] DEBUG io.netty.buffer.PooledByteBufAllocator - -Dio.netty.allocator.useCacheForAllThreads: true
2022-02-08 10:03:30.898 [main] DEBUG io.netty.buffer.PooledByteBufAllocator - -Dio.netty.allocator.maxCachedByteBuffersPerChunk: 1023
2022-02-08 10:03:30.928 [main] DEBUG IndependentPlugin - binding server bootstrap to: [::1, 127.0.0.1]
2022-02-08 10:03:30.948 [main] DEBUG io.netty.channel.DefaultChannelId - -Dio.netty.processId: 74483 (auto-detected)
2022-02-08 10:03:30.950 [main] DEBUG io.netty.util.NetUtil - -Djava.net.preferIPv4Stack: false
2022-02-08 10:03:30.950 [main] DEBUG io.netty.util.NetUtil - -Djava.net.preferIPv6Addresses: false
2022-02-08 10:03:30.952 [main] DEBUG io.netty.util.NetUtilInitializations - Loopback interface: lo0 (lo0, 0:0:0:0:0:0:0:1%lo0)
2022-02-08 10:03:30.953 [main] DEBUG io.netty.util.NetUtil - Failed to get SOMAXCONN from sysctl and file /proc/sys/net/core/somaxconn. Default: 128
2022-02-08 10:03:30.955 [main] DEBUG io.netty.channel.DefaultChannelId - -Dio.netty.machineId: ac:de:48:ff:fe:00:11:22 (auto-detected)
2022-02-08 10:03:30.973 [main] DEBUG io.netty.buffer.ByteBufUtil - -Dio.netty.allocator.type: pooled
2022-02-08 10:03:30.974 [main] DEBUG io.netty.buffer.ByteBufUtil - -Dio.netty.threadLocalDirectBufferSize: 0
2022-02-08 10:03:30.974 [main] DEBUG io.netty.buffer.ByteBufUtil - -Dio.netty.maxThreadLocalCharBufferSize: 16384
2022-02-08 10:03:30.991 [main] DEBUG IndependentPlugin - Bound profile [default] to address {[::1]:3333}
2022-02-08 10:03:30.992 [main] DEBUG IndependentPlugin - Bound profile [default] to address {127.0.0.1:3333}
2022-02-08 10:03:30.994 [main] DEBUG IndependentPlugin - using profile[test], worker_count[12], port[5555], bind_host[[]], publish_host[[]], receive_predictor[64kb->64kb]
2022-02-08 10:03:30.995 [main] DEBUG IndependentPlugin - binding server bootstrap to: [::1, 127.0.0.1]
2022-02-08 10:03:30.997 [main] DEBUG IndependentPlugin - Bound profile [test] to address {[::1]:5555}
2022-02-08 10:03:30.998 [main] DEBUG IndependentPlugin - Bound profile [test] to address {127.0.0.1:5555}
2022-02-08 10:04:42.523 [main] DEBUG io.netty.util.internal.logging.InternalLoggerFactory - Using Log4J2 as the default logging framework
2022-02-08 10:04:42.530 [main] DEBUG io.netty.util.internal.PlatformDependent0 - -Dio.netty.noUnsafe: false
2022-02-08 10:04:42.531 [main] DEBUG io.netty.util.internal.PlatformDependent0 - Java version: 14
2022-02-08 10:04:42.533 [main] DEBUG io.netty.util.internal.PlatformDependent0 - sun.misc.Unsafe.theUnsafe: available
2022-02-08 10:04:42.533 [main] DEBUG io.netty.util.internal.PlatformDependent0 - sun.misc.Unsafe.copyMemory: available
2022-02-08 10:04:42.534 [main] DEBUG io.netty.util.internal.PlatformDependent0 - java.nio.Buffer.address: available
2022-02-08 10:04:42.535 [main] DEBUG io.netty.util.internal.PlatformDependent0 - direct buffer constructor: unavailable: Reflective setAccessible(true) disabled
2022-02-08 10:04:42.535 [main] DEBUG io.netty.util.internal.PlatformDependent0 - java.nio.Bits.unaligned: available, true
2022-02-08 10:04:42.536 [main] DEBUG io.netty.util.internal.PlatformDependent0 - jdk.internal.misc.Unsafe.allocateUninitializedArray(int): unavailable: class io.netty.util.internal.PlatformDependent0$6 cannot access class jdk.internal.misc.Unsafe (in module java.base) because module java.base does not export jdk.internal.misc to unnamed module @4eaf3684
2022-02-08 10:04:42.537 [main] DEBUG io.netty.util.internal.PlatformDependent0 - java.nio.DirectByteBuffer.<init>(long, int): unavailable
2022-02-08 10:04:42.537 [main] DEBUG io.netty.util.internal.PlatformDependent - sun.misc.Unsafe: available
2022-02-08 10:04:42.538 [main] DEBUG io.netty.util.internal.PlatformDependent - maxDirectMemory: 4294967296 bytes (maybe)
2022-02-08 10:04:42.538 [main] DEBUG io.netty.util.internal.PlatformDependent - -Dio.netty.tmpdir: /var/folders/5j/c7kjyy2j33nc2j6gjbtmskgr0000gs/T (java.io.tmpdir)
2022-02-08 10:04:42.538 [main] DEBUG io.netty.util.internal.PlatformDependent - -Dio.netty.bitMode: 64 (sun.arch.data.model)
2022-02-08 10:04:42.539 [main] DEBUG io.netty.util.internal.PlatformDependent - Platform: MacOS
2022-02-08 10:04:42.540 [main] DEBUG io.netty.util.internal.PlatformDependent - -Dio.netty.maxDirectMemory: -1 bytes
2022-02-08 10:04:42.540 [main] DEBUG io.netty.util.internal.PlatformDependent - -Dio.netty.uninitializedArrayAllocationThreshold: -1
2022-02-08 10:04:42.541 [main] DEBUG io.netty.util.internal.CleanerJava9 - java.nio.ByteBuffer.cleaner(): available
2022-02-08 10:04:42.541 [main] DEBUG io.netty.util.internal.PlatformDependent - -Dio.netty.noPreferDirect: false
2022-02-08 10:04:42.554 [main] DEBUG io.netty.channel.MultithreadEventLoopGroup - -Dio.netty.eventLoopThreads: 24
2022-02-08 10:04:42.589 [main] DEBUG io.netty.util.internal.InternalThreadLocalMap - -Dio.netty.threadLocalMap.stringBuilder.initialSize: 1024
2022-02-08 10:04:42.589 [main] DEBUG io.netty.util.internal.InternalThreadLocalMap - -Dio.netty.threadLocalMap.stringBuilder.maxSize: 4096
2022-02-08 10:04:42.596 [main] DEBUG io.netty.channel.nio.NioEventLoop - -Dio.netty.noKeySetOptimization: false
2022-02-08 10:04:42.596 [main] DEBUG io.netty.channel.nio.NioEventLoop - -Dio.netty.selectorAutoRebuildThreshold: 512
2022-02-08 10:04:42.601 [main] DEBUG io.netty.util.internal.PlatformDependent - org.jctools-core.MpscChunkedArrayQueue: available
2022-02-08 10:04:42.623 [main] DEBUG org.opensearch.threadpool.ThreadPool - created thread pool: name [force_merge], size [1], queue size [unbounded]
2022-02-08 10:04:42.624 [main] DEBUG org.opensearch.threadpool.ThreadPool - created thread pool: name [fetch_shard_started], core [1], max [24], keep alive [5m]
2022-02-08 10:04:42.624 [main] DEBUG org.opensearch.threadpool.ThreadPool - created thread pool: name [listener], size [6], queue size [unbounded]
2022-02-08 10:04:42.624 [main] DEBUG org.opensearch.threadpool.ThreadPool - created thread pool: name [refresh], core [1], max [6], keep alive [5m]
2022-02-08 10:04:42.626 [main] DEBUG org.opensearch.threadpool.ThreadPool - created thread pool: name [system_write], size [5], queue size [1k]
2022-02-08 10:04:42.627 [main] DEBUG org.opensearch.threadpool.ThreadPool - created thread pool: name [generic], core [4], max [128], keep alive [30s]
2022-02-08 10:04:42.627 [main] DEBUG org.opensearch.threadpool.ThreadPool - created thread pool: name [warmer], core [1], max [5], keep alive [5m]
2022-02-08 10:04:42.628 [main] DEBUG org.opensearch.common.util.concurrent.QueueResizingOpenSearchThreadPoolExecutor - thread pool [test/search] will adjust queue by [50] when determining automatic queue size
2022-02-08 10:04:42.629 [main] DEBUG org.opensearch.threadpool.ThreadPool - created thread pool: name [search], size [19], queue size [1k]
2022-02-08 10:04:42.629 [main] DEBUG org.opensearch.threadpool.ThreadPool - created thread pool: name [flush], core [1], max [5], keep alive [5m]
2022-02-08 10:04:42.629 [main] DEBUG org.opensearch.threadpool.ThreadPool - created thread pool: name [fetch_shard_store], core [1], max [24], keep alive [5m]
2022-02-08 10:04:42.629 [main] DEBUG org.opensearch.threadpool.ThreadPool - created thread pool: name [management], core [1], max [5], keep alive [5m]
2022-02-08 10:04:42.630 [main] DEBUG org.opensearch.threadpool.ThreadPool - created thread pool: name [get], size [12], queue size [1k]
2022-02-08 10:04:42.630 [main] DEBUG org.opensearch.threadpool.ThreadPool - created thread pool: name [analyze], size [1], queue size [16]
2022-02-08 10:04:42.630 [main] DEBUG org.opensearch.threadpool.ThreadPool - created thread pool: name [system_read], size [5], queue size [2k]
2022-02-08 10:04:42.630 [main] DEBUG org.opensearch.threadpool.ThreadPool - created thread pool: name [write], size [12], queue size [10k]
2022-02-08 10:04:42.631 [main] DEBUG org.opensearch.threadpool.ThreadPool - created thread pool: name [snapshot], core [1], max [5], keep alive [5m]
2022-02-08 10:04:42.631 [main] DEBUG org.opensearch.common.util.concurrent.QueueResizingOpenSearchThreadPoolExecutor - thread pool [test/search_throttled] will adjust queue by [50] when determining automatic queue size
2022-02-08 10:04:42.631 [main] DEBUG org.opensearch.threadpool.ThreadPool - created thread pool: name [search_throttled], size [1], queue size [100]
2022-02-08 10:04:42.634 [main] DEBUG IndependentPlugin - using profile[default], worker_count[12], port[3333], bind_host[[]], publish_host[[]], receive_predictor[64kb->64kb]
2022-02-08 10:04:42.654 [main] DEBUG io.netty.util.ResourceLeakDetector - -Dio.netty.leakDetection.level: simple
2022-02-08 10:04:42.654 [main] DEBUG io.netty.util.ResourceLeakDetector - -Dio.netty.leakDetection.targetRecords: 4
2022-02-08 10:04:42.656 [main] DEBUG io.netty.buffer.PooledByteBufAllocator - -Dio.netty.allocator.numHeapArenas: 24
2022-02-08 10:04:42.657 [main] DEBUG io.netty.buffer.PooledByteBufAllocator - -Dio.netty.allocator.numDirectArenas: 24
2022-02-08 10:04:42.657 [main] DEBUG io.netty.buffer.PooledByteBufAllocator - -Dio.netty.allocator.pageSize: 8192
2022-02-08 10:04:42.657 [main] DEBUG io.netty.buffer.PooledByteBufAllocator - -Dio.netty.allocator.maxOrder: 11
2022-02-08 10:04:42.657 [main] DEBUG io.netty.buffer.PooledByteBufAllocator - -Dio.netty.allocator.chunkSize: 16777216
2022-02-08 10:04:42.657 [main] DEBUG io.netty.buffer.PooledByteBufAllocator - -Dio.netty.allocator.smallCacheSize: 256
2022-02-08 10:04:42.657 [main] DEBUG io.netty.buffer.PooledByteBufAllocator - -Dio.netty.allocator.normalCacheSize: 64
2022-02-08 10:04:42.657 [main] DEBUG io.netty.buffer.PooledByteBufAllocator - -Dio.netty.allocator.maxCachedBufferCapacity: 32768
2022-02-08 10:04:42.657 [main] DEBUG io.netty.buffer.PooledByteBufAllocator - -Dio.netty.allocator.cacheTrimInterval: 8192
2022-02-08 10:04:42.658 [main] DEBUG io.netty.buffer.PooledByteBufAllocator - -Dio.netty.allocator.cacheTrimIntervalMillis: 0
2022-02-08 10:04:42.658 [main] DEBUG io.netty.buffer.PooledByteBufAllocator - -Dio.netty.allocator.useCacheForAllThreads: true
2022-02-08 10:04:42.658 [main] DEBUG io.netty.buffer.PooledByteBufAllocator - -Dio.netty.allocator.maxCachedByteBuffersPerChunk: 1023
2022-02-08 10:04:42.693 [main] DEBUG IndependentPlugin - binding server bootstrap to: [::1, 127.0.0.1]
2022-02-08 10:04:42.712 [main] DEBUG io.netty.channel.DefaultChannelId - -Dio.netty.processId: 74548 (auto-detected)
2022-02-08 10:04:42.713 [main] DEBUG io.netty.util.NetUtil - -Djava.net.preferIPv4Stack: false
2022-02-08 10:04:42.714 [main] DEBUG io.netty.util.NetUtil - -Djava.net.preferIPv6Addresses: false
2022-02-08 10:04:42.716 [main] DEBUG io.netty.util.NetUtilInitializations - Loopback interface: lo0 (lo0, 0:0:0:0:0:0:0:1%lo0)
2022-02-08 10:04:42.717 [main] DEBUG io.netty.util.NetUtil - Failed to get SOMAXCONN from sysctl and file /proc/sys/net/core/somaxconn. Default: 128
2022-02-08 10:04:42.718 [main] DEBUG io.netty.channel.DefaultChannelId - -Dio.netty.machineId: ac:de:48:ff:fe:00:11:22 (auto-detected)
2022-02-08 10:04:42.740 [main] DEBUG io.netty.buffer.ByteBufUtil - -Dio.netty.allocator.type: pooled
2022-02-08 10:04:42.740 [main] DEBUG io.netty.buffer.ByteBufUtil - -Dio.netty.threadLocalDirectBufferSize: 0
2022-02-08 10:04:42.740 [main] DEBUG io.netty.buffer.ByteBufUtil - -Dio.netty.maxThreadLocalCharBufferSize: 16384
2022-02-08 10:04:42.762 [main] DEBUG IndependentPlugin - Bound profile [default] to address {[::1]:3333}
2022-02-08 10:04:42.763 [main] DEBUG IndependentPlugin - Bound profile [default] to address {127.0.0.1:3333}
2022-02-08 10:04:42.765 [main] DEBUG IndependentPlugin - using profile[test], worker_count[12], port[5555], bind_host[[]], publish_host[[]], receive_predictor[64kb->64kb]
2022-02-08 10:04:42.766 [main] DEBUG IndependentPlugin - binding server bootstrap to: [::1, 127.0.0.1]
2022-02-08 10:04:42.767 [main] DEBUG IndependentPlugin - Bound profile [test] to address {[::1]:5555}
2022-02-08 10:04:42.768 [main] DEBUG IndependentPlugin - Bound profile [test] to address {127.0.0.1:5555}
2022-02-08 10:55:37.490 [main] DEBUG io.netty.util.internal.logging.InternalLoggerFactory - Using Log4J2 as the default logging framework
2022-02-08 10:55:37.496 [main] DEBUG io.netty.util.internal.PlatformDependent0 - -Dio.netty.noUnsafe: false
2022-02-08 10:55:37.496 [main] DEBUG io.netty.util.internal.PlatformDependent0 - Java version: 14
2022-02-08 10:55:37.499 [main] DEBUG io.netty.util.internal.PlatformDependent0 - sun.misc.Unsafe.theUnsafe: available
2022-02-08 10:55:37.500 [main] DEBUG io.netty.util.internal.PlatformDependent0 - sun.misc.Unsafe.copyMemory: available
2022-02-08 10:55:37.500 [main] DEBUG io.netty.util.internal.PlatformDependent0 - java.nio.Buffer.address: available
2022-02-08 10:55:37.501 [main] DEBUG io.netty.util.internal.PlatformDependent0 - direct buffer constructor: unavailable: Reflective setAccessible(true) disabled
2022-02-08 10:55:37.501 [main] DEBUG io.netty.util.internal.PlatformDependent0 - java.nio.Bits.unaligned: available, true
2022-02-08 10:55:37.502 [main] DEBUG io.netty.util.internal.PlatformDependent0 - jdk.internal.misc.Unsafe.allocateUninitializedArray(int): unavailable: class io.netty.util.internal.PlatformDependent0$6 cannot access class jdk.internal.misc.Unsafe (in module java.base) because module java.base does not export jdk.internal.misc to unnamed module @4eaf3684
2022-02-08 10:55:37.504 [main] DEBUG io.netty.util.internal.PlatformDependent0 - java.nio.DirectByteBuffer.<init>(long, int): unavailable
2022-02-08 10:55:37.504 [main] DEBUG io.netty.util.internal.PlatformDependent - sun.misc.Unsafe: available
2022-02-08 10:55:37.505 [main] DEBUG io.netty.util.internal.PlatformDependent - maxDirectMemory: 4294967296 bytes (maybe)
2022-02-08 10:55:37.505 [main] DEBUG io.netty.util.internal.PlatformDependent - -Dio.netty.tmpdir: /var/folders/5j/c7kjyy2j33nc2j6gjbtmskgr0000gs/T (java.io.tmpdir)
2022-02-08 10:55:37.505 [main] DEBUG io.netty.util.internal.PlatformDependent - -Dio.netty.bitMode: 64 (sun.arch.data.model)
2022-02-08 10:55:37.506 [main] DEBUG io.netty.util.internal.PlatformDependent - Platform: MacOS
2022-02-08 10:55:37.507 [main] DEBUG io.netty.util.internal.PlatformDependent - -Dio.netty.maxDirectMemory: -1 bytes
2022-02-08 10:55:37.507 [main] DEBUG io.netty.util.internal.PlatformDependent - -Dio.netty.uninitializedArrayAllocationThreshold: -1
2022-02-08 10:55:37.508 [main] DEBUG io.netty.util.internal.CleanerJava9 - java.nio.ByteBuffer.cleaner(): available
2022-02-08 10:55:37.508 [main] DEBUG io.netty.util.internal.PlatformDependent - -Dio.netty.noPreferDirect: false
2022-02-08 10:55:37.524 [main] DEBUG io.netty.channel.MultithreadEventLoopGroup - -Dio.netty.eventLoopThreads: 24
2022-02-08 10:55:37.561 [main] DEBUG io.netty.util.internal.InternalThreadLocalMap - -Dio.netty.threadLocalMap.stringBuilder.initialSize: 1024
2022-02-08 10:55:37.562 [main] DEBUG io.netty.util.internal.InternalThreadLocalMap - -Dio.netty.threadLocalMap.stringBuilder.maxSize: 4096
2022-02-08 10:55:37.570 [main] DEBUG io.netty.channel.nio.NioEventLoop - -Dio.netty.noKeySetOptimization: false
2022-02-08 10:55:37.570 [main] DEBUG io.netty.channel.nio.NioEventLoop - -Dio.netty.selectorAutoRebuildThreshold: 512
2022-02-08 10:55:37.577 [main] DEBUG io.netty.util.internal.PlatformDependent - org.jctools-core.MpscChunkedArrayQueue: available
2022-02-08 10:55:37.603 [main] DEBUG org.opensearch.threadpool.ThreadPool - created thread pool: name [force_merge], size [1], queue size [unbounded]
2022-02-08 10:55:37.604 [main] DEBUG org.opensearch.threadpool.ThreadPool - created thread pool: name [fetch_shard_started], core [1], max [24], keep alive [5m]
2022-02-08 10:55:37.605 [main] DEBUG org.opensearch.threadpool.ThreadPool - created thread pool: name [listener], size [6], queue size [unbounded]
2022-02-08 10:55:37.605 [main] DEBUG org.opensearch.threadpool.ThreadPool - created thread pool: name [refresh], core [1], max [6], keep alive [5m]
2022-02-08 10:55:37.609 [main] DEBUG org.opensearch.threadpool.ThreadPool - created thread pool: name [system_write], size [5], queue size [1k]
2022-02-08 10:55:37.609 [main] DEBUG org.opensearch.threadpool.ThreadPool - created thread pool: name [generic], core [4], max [128], keep alive [30s]
2022-02-08 10:55:37.610 [main] DEBUG org.opensearch.threadpool.ThreadPool - created thread pool: name [warmer], core [1], max [5], keep alive [5m]
2022-02-08 10:55:37.612 [main] DEBUG org.opensearch.common.util.concurrent.QueueResizingOpenSearchThreadPoolExecutor - thread pool [test/search] will adjust queue by [50] when determining automatic queue size
2022-02-08 10:55:37.612 [main] DEBUG org.opensearch.threadpool.ThreadPool - created thread pool: name [search], size [19], queue size [1k]
2022-02-08 10:55:37.612 [main] DEBUG org.opensearch.threadpool.ThreadPool - created thread pool: name [flush], core [1], max [5], keep alive [5m]
2022-02-08 10:55:37.613 [main] DEBUG org.opensearch.threadpool.ThreadPool - created thread pool: name [fetch_shard_store], core [1], max [24], keep alive [5m]
2022-02-08 10:55:37.613 [main] DEBUG org.opensearch.threadpool.ThreadPool - created thread pool: name [management], core [1], max [5], keep alive [5m]
2022-02-08 10:55:37.613 [main] DEBUG org.opensearch.threadpool.ThreadPool - created thread pool: name [get], size [12], queue size [1k]
2022-02-08 10:55:37.614 [main] DEBUG org.opensearch.threadpool.ThreadPool - created thread pool: name [analyze], size [1], queue size [16]
2022-02-08 10:55:37.614 [main] DEBUG org.opensearch.threadpool.ThreadPool - created thread pool: name [system_read], size [5], queue size [2k]
2022-02-08 10:55:37.614 [main] DEBUG org.opensearch.threadpool.ThreadPool - created thread pool: name [write], size [12], queue size [10k]
2022-02-08 10:55:37.614 [main] DEBUG org.opensearch.threadpool.ThreadPool - created thread pool: name [snapshot], core [1], max [5], keep alive [5m]
2022-02-08 10:55:37.615 [main] DEBUG org.opensearch.common.util.concurrent.QueueResizingOpenSearchThreadPoolExecutor - thread pool [test/search_throttled] will adjust queue by [50] when determining automatic queue size
2022-02-08 10:55:37.615 [main] DEBUG org.opensearch.threadpool.ThreadPool - created thread pool: name [search_throttled], size [1], queue size [100]
2022-02-08 10:55:37.618 [main] DEBUG IndependentPlugin - using profile[default], worker_count[12], port[3333], bind_host[[]], publish_host[[]], receive_predictor[64kb->64kb]
2022-02-08 10:55:37.640 [main] DEBUG io.netty.util.ResourceLeakDetector - -Dio.netty.leakDetection.level: simple
2022-02-08 10:55:37.640 [main] DEBUG io.netty.util.ResourceLeakDetector - -Dio.netty.leakDetection.targetRecords: 4
2022-02-08 10:55:37.643 [main] DEBUG io.netty.buffer.PooledByteBufAllocator - -Dio.netty.allocator.numHeapArenas: 24
2022-02-08 10:55:37.643 [main] DEBUG io.netty.buffer.PooledByteBufAllocator - -Dio.netty.allocator.numDirectArenas: 24
2022-02-08 10:55:37.643 [main] DEBUG io.netty.buffer.PooledByteBufAllocator - -Dio.netty.allocator.pageSize: 8192
2022-02-08 10:55:37.643 [main] DEBUG io.netty.buffer.PooledByteBufAllocator - -Dio.netty.allocator.maxOrder: 11
2022-02-08 10:55:37.643 [main] DEBUG io.netty.buffer.PooledByteBufAllocator - -Dio.netty.allocator.chunkSize: 16777216
2022-02-08 10:55:37.643 [main] DEBUG io.netty.buffer.PooledByteBufAllocator - -Dio.netty.allocator.smallCacheSize: 256
2022-02-08 10:55:37.644 [main] DEBUG io.netty.buffer.PooledByteBufAllocator - -Dio.netty.allocator.normalCacheSize: 64
2022-02-08 10:55:37.644 [main] DEBUG io.netty.buffer.PooledByteBufAllocator - -Dio.netty.allocator.maxCachedBufferCapacity: 32768
2022-02-08 10:55:37.644 [main] DEBUG io.netty.buffer.PooledByteBufAllocator - -Dio.netty.allocator.cacheTrimInterval: 8192
2022-02-08 10:55:37.644 [main] DEBUG io.netty.buffer.PooledByteBufAllocator - -Dio.netty.allocator.cacheTrimIntervalMillis: 0
2022-02-08 10:55:37.644 [main] DEBUG io.netty.buffer.PooledByteBufAllocator - -Dio.netty.allocator.useCacheForAllThreads: true
2022-02-08 10:55:37.644 [main] DEBUG io.netty.buffer.PooledByteBufAllocator - -Dio.netty.allocator.maxCachedByteBuffersPerChunk: 1023
2022-02-08 10:55:37.679 [main] DEBUG IndependentPlugin - binding server bootstrap to: [::1, 127.0.0.1]
2022-02-08 10:55:37.696 [main] DEBUG io.netty.channel.DefaultChannelId - -Dio.netty.processId: 80052 (auto-detected)
2022-02-08 10:55:37.697 [main] DEBUG io.netty.util.NetUtil - -Djava.net.preferIPv4Stack: false
2022-02-08 10:55:37.698 [main] DEBUG io.netty.util.NetUtil - -Djava.net.preferIPv6Addresses: false
2022-02-08 10:55:37.700 [main] DEBUG io.netty.util.NetUtilInitializations - Loopback interface: lo0 (lo0, 0:0:0:0:0:0:0:1%lo0)
2022-02-08 10:55:37.700 [main] DEBUG io.netty.util.NetUtil - Failed to get SOMAXCONN from sysctl and file /proc/sys/net/core/somaxconn. Default: 128
2022-02-08 10:55:37.702 [main] DEBUG io.netty.channel.DefaultChannelId - -Dio.netty.machineId: ac:de:48:ff:fe:00:11:22 (auto-detected)
2022-02-08 10:55:37.721 [main] DEBUG io.netty.buffer.ByteBufUtil - -Dio.netty.allocator.type: pooled
2022-02-08 10:55:37.721 [main] DEBUG io.netty.buffer.ByteBufUtil - -Dio.netty.threadLocalDirectBufferSize: 0
2022-02-08 10:55:37.722 [main] DEBUG io.netty.buffer.ByteBufUtil - -Dio.netty.maxThreadLocalCharBufferSize: 16384
2022-02-08 10:55:37.741 [main] DEBUG IndependentPlugin - Bound profile [default] to address {[::1]:3333}
2022-02-08 10:55:37.742 [main] DEBUG IndependentPlugin - Bound profile [default] to address {127.0.0.1:3333}
2022-02-08 10:55:37.744 [main] DEBUG IndependentPlugin - using profile[test], worker_count[12], port[5555], bind_host[[]], publish_host[[]], receive_predictor[64kb->64kb]
2022-02-08 10:55:37.745 [main] DEBUG IndependentPlugin - binding server bootstrap to: [::1, 127.0.0.1]
2022-02-08 10:55:37.746 [main] DEBUG IndependentPlugin - Bound profile [test] to address {[::1]:5555}
2022-02-08 10:55:37.747 [main] DEBUG IndependentPlugin - Bound profile [test] to address {127.0.0.1:5555}
2022-02-08 10:57:41.453 [main] DEBUG io.netty.util.internal.logging.InternalLoggerFactory - Using Log4J2 as the default logging framework
2022-02-08 10:57:41.460 [main] DEBUG io.netty.util.internal.PlatformDependent0 - -Dio.netty.noUnsafe: false
2022-02-08 10:57:41.461 [main] DEBUG io.netty.util.internal.PlatformDependent0 - Java version: 14
2022-02-08 10:57:41.462 [main] DEBUG io.netty.util.internal.PlatformDependent0 - sun.misc.Unsafe.theUnsafe: available
2022-02-08 10:57:41.463 [main] DEBUG io.netty.util.internal.PlatformDependent0 - sun.misc.Unsafe.copyMemory: available
2022-02-08 10:57:41.463 [main] DEBUG io.netty.util.internal.PlatformDependent0 - java.nio.Buffer.address: available
2022-02-08 10:57:41.464 [main] DEBUG io.netty.util.internal.PlatformDependent0 - direct buffer constructor: unavailable: Reflective setAccessible(true) disabled
2022-02-08 10:57:41.464 [main] DEBUG io.netty.util.internal.PlatformDependent0 - java.nio.Bits.unaligned: available, true
2022-02-08 10:57:41.465 [main] DEBUG io.netty.util.internal.PlatformDependent0 - jdk.internal.misc.Unsafe.allocateUninitializedArray(int): unavailable: class io.netty.util.internal.PlatformDependent0$6 cannot access class jdk.internal.misc.Unsafe (in module java.base) because module java.base does not export jdk.internal.misc to unnamed module @4eaf3684
2022-02-08 10:57:41.466 [main] DEBUG io.netty.util.internal.PlatformDependent0 - java.nio.DirectByteBuffer.<init>(long, int): unavailable
2022-02-08 10:57:41.466 [main] DEBUG io.netty.util.internal.PlatformDependent - sun.misc.Unsafe: available
2022-02-08 10:57:41.467 [main] DEBUG io.netty.util.internal.PlatformDependent - maxDirectMemory: 4294967296 bytes (maybe)
2022-02-08 10:57:41.468 [main] DEBUG io.netty.util.internal.PlatformDependent - -Dio.netty.tmpdir: /var/folders/5j/c7kjyy2j33nc2j6gjbtmskgr0000gs/T (java.io.tmpdir)
2022-02-08 10:57:41.468 [main] DEBUG io.netty.util.internal.PlatformDependent - -Dio.netty.bitMode: 64 (sun.arch.data.model)
2022-02-08 10:57:41.470 [main] DEBUG io.netty.util.internal.PlatformDependent - Platform: MacOS
2022-02-08 10:57:41.470 [main] DEBUG io.netty.util.internal.PlatformDependent - -Dio.netty.maxDirectMemory: -1 bytes
2022-02-08 10:57:41.471 [main] DEBUG io.netty.util.internal.PlatformDependent - -Dio.netty.uninitializedArrayAllocationThreshold: -1
2022-02-08 10:57:41.472 [main] DEBUG io.netty.util.internal.CleanerJava9 - java.nio.ByteBuffer.cleaner(): available
2022-02-08 10:57:41.472 [main] DEBUG io.netty.util.internal.PlatformDependent - -Dio.netty.noPreferDirect: false
2022-02-08 10:57:41.489 [main] DEBUG io.netty.channel.MultithreadEventLoopGroup - -Dio.netty.eventLoopThreads: 24
2022-02-08 10:57:41.530 [main] DEBUG io.netty.util.internal.InternalThreadLocalMap - -Dio.netty.threadLocalMap.stringBuilder.initialSize: 1024
2022-02-08 10:57:41.530 [main] DEBUG io.netty.util.internal.InternalThreadLocalMap - -Dio.netty.threadLocalMap.stringBuilder.maxSize: 4096
2022-02-08 10:57:41.537 [main] DEBUG io.netty.channel.nio.NioEventLoop - -Dio.netty.noKeySetOptimization: false
2022-02-08 10:57:41.537 [main] DEBUG io.netty.channel.nio.NioEventLoop - -Dio.netty.selectorAutoRebuildThreshold: 512
2022-02-08 10:57:41.543 [main] DEBUG io.netty.util.internal.PlatformDependent - org.jctools-core.MpscChunkedArrayQueue: available
2022-02-08 10:57:41.564 [main] DEBUG org.opensearch.threadpool.ThreadPool - created thread pool: name [force_merge], size [1], queue size [unbounded]
2022-02-08 10:57:41.565 [main] DEBUG org.opensearch.threadpool.ThreadPool - created thread pool: name [fetch_shard_started], core [1], max [24], keep alive [5m]
2022-02-08 10:57:41.565 [main] DEBUG org.opensearch.threadpool.ThreadPool - created thread pool: name [listener], size [6], queue size [unbounded]
2022-02-08 10:57:41.565 [main] DEBUG org.opensearch.threadpool.ThreadPool - created thread pool: name [refresh], core [1], max [6], keep alive [5m]
2022-02-08 10:57:41.567 [main] DEBUG org.opensearch.threadpool.ThreadPool - created thread pool: name [system_write], size [5], queue size [1k]
2022-02-08 10:57:41.567 [main] DEBUG org.opensearch.threadpool.ThreadPool - created thread pool: name [generic], core [4], max [128], keep alive [30s]
2022-02-08 10:57:41.567 [main] DEBUG org.opensearch.threadpool.ThreadPool - created thread pool: name [warmer], core [1], max [5], keep alive [5m]
2022-02-08 10:57:41.569 [main] DEBUG org.opensearch.common.util.concurrent.QueueResizingOpenSearchThreadPoolExecutor - thread pool [test/search] will adjust queue by [50] when determining automatic queue size
2022-02-08 10:57:41.569 [main] DEBUG org.opensearch.threadpool.ThreadPool - created thread pool: name [search], size [19], queue size [1k]
2022-02-08 10:57:41.569 [main] DEBUG org.opensearch.threadpool.ThreadPool - created thread pool: name [flush], core [1], max [5], keep alive [5m]
2022-02-08 10:57:41.570 [main] DEBUG org.opensearch.threadpool.ThreadPool - created thread pool: name [fetch_shard_store], core [1], max [24], keep alive [5m]
2022-02-08 10:57:41.570 [main] DEBUG org.opensearch.threadpool.ThreadPool - created thread pool: name [management], core [1], max [5], keep alive [5m]
2022-02-08 10:57:41.570 [main] DEBUG org.opensearch.threadpool.ThreadPool - created thread pool: name [get], size [12], queue size [1k]
2022-02-08 10:57:41.570 [main] DEBUG org.opensearch.threadpool.ThreadPool - created thread pool: name [analyze], size [1], queue size [16]
2022-02-08 10:57:41.570 [main] DEBUG org.opensearch.threadpool.ThreadPool - created thread pool: name [system_read], size [5], queue size [2k]
2022-02-08 10:57:41.571 [main] DEBUG org.opensearch.threadpool.ThreadPool - created thread pool: name [write], size [12], queue size [10k]
2022-02-08 10:57:41.571 [main] DEBUG org.opensearch.threadpool.ThreadPool - created thread pool: name [snapshot], core [1], max [5], keep alive [5m]
2022-02-08 10:57:41.571 [main] DEBUG org.opensearch.common.util.concurrent.QueueResizingOpenSearchThreadPoolExecutor - thread pool [test/search_throttled] will adjust queue by [50] when determining automatic queue size
2022-02-08 10:57:41.571 [main] DEBUG org.opensearch.threadpool.ThreadPool - created thread pool: name [search_throttled], size [1], queue size [100]
2022-02-08 10:57:41.574 [main] DEBUG IndependentPlugin - using profile[default], worker_count[12], port[3333], bind_host[[]], publish_host[[]], receive_predictor[64kb->64kb]
2022-02-08 10:57:41.596 [main] DEBUG io.netty.util.ResourceLeakDetector - -Dio.netty.leakDetection.level: simple
2022-02-08 10:57:41.596 [main] DEBUG io.netty.util.ResourceLeakDetector - -Dio.netty.leakDetection.targetRecords: 4
2022-02-08 10:57:41.598 [main] DEBUG io.netty.buffer.PooledByteBufAllocator - -Dio.netty.allocator.numHeapArenas: 24
2022-02-08 10:57:41.598 [main] DEBUG io.netty.buffer.PooledByteBufAllocator - -Dio.netty.allocator.numDirectArenas: 24
2022-02-08 10:57:41.598 [main] DEBUG io.netty.buffer.PooledByteBufAllocator - -Dio.netty.allocator.pageSize: 8192
2022-02-08 10:57:41.598 [main] DEBUG io.netty.buffer.PooledByteBufAllocator - -Dio.netty.allocator.maxOrder: 11
2022-02-08 10:57:41.599 [main] DEBUG io.netty.buffer.PooledByteBufAllocator - -Dio.netty.allocator.chunkSize: 16777216
2022-02-08 10:57:41.599 [main] DEBUG io.netty.buffer.PooledByteBufAllocator - -Dio.netty.allocator.smallCacheSize: 256
2022-02-08 10:57:41.599 [main] DEBUG io.netty.buffer.PooledByteBufAllocator - -Dio.netty.allocator.normalCacheSize: 64
2022-02-08 10:57:41.599 [main] DEBUG io.netty.buffer.PooledByteBufAllocator - -Dio.netty.allocator.maxCachedBufferCapacity: 32768
2022-02-08 10:57:41.599 [main] DEBUG io.netty.buffer.PooledByteBufAllocator - -Dio.netty.allocator.cacheTrimInterval: 8192
2022-02-08 10:57:41.599 [main] DEBUG io.netty.buffer.PooledByteBufAllocator - -Dio.netty.allocator.cacheTrimIntervalMillis: 0
2022-02-08 10:57:41.599 [main] DEBUG io.netty.buffer.PooledByteBufAllocator - -Dio.netty.allocator.useCacheForAllThreads: true
2022-02-08 10:57:41.599 [main] DEBUG io.netty.buffer.PooledByteBufAllocator - -Dio.netty.allocator.maxCachedByteBuffersPerChunk: 1023
2022-02-08 10:57:41.636 [main] DEBUG IndependentPlugin - binding server bootstrap to: [::1, 127.0.0.1]
2022-02-08 10:57:41.653 [main] DEBUG io.netty.channel.DefaultChannelId - -Dio.netty.processId: 80266 (auto-detected)
2022-02-08 10:57:41.655 [main] DEBUG io.netty.util.NetUtil - -Djava.net.preferIPv4Stack: false
2022-02-08 10:57:41.655 [main] DEBUG io.netty.util.NetUtil - -Djava.net.preferIPv6Addresses: false
2022-02-08 10:57:41.657 [main] DEBUG io.netty.util.NetUtilInitializations - Loopback interface: lo0 (lo0, 0:0:0:0:0:0:0:1%lo0)
2022-02-08 10:57:41.658 [main] DEBUG io.netty.util.NetUtil - Failed to get SOMAXCONN from sysctl and file /proc/sys/net/core/somaxconn. Default: 128
2022-02-08 10:57:41.660 [main] DEBUG io.netty.channel.DefaultChannelId - -Dio.netty.machineId: ac:de:48:ff:fe:00:11:22 (auto-detected)
2022-02-08 10:57:41.681 [main] DEBUG io.netty.buffer.ByteBufUtil - -Dio.netty.allocator.type: pooled
2022-02-08 10:57:41.681 [main] DEBUG io.netty.buffer.ByteBufUtil - -Dio.netty.threadLocalDirectBufferSize: 0
2022-02-08 10:57:41.681 [main] DEBUG io.netty.buffer.ByteBufUtil - -Dio.netty.maxThreadLocalCharBufferSize: 16384
2022-02-08 10:57:41.700 [main] DEBUG IndependentPlugin - Bound profile [default] to address {[::1]:3333}
2022-02-08 10:57:41.701 [main] DEBUG IndependentPlugin - Bound profile [default] to address {127.0.0.1:3333}
2022-02-08 10:57:41.703 [main] DEBUG IndependentPlugin - using profile[test], worker_count[12], port[5555], bind_host[[]], publish_host[[]], receive_predictor[64kb->64kb]
2022-02-08 10:57:41.704 [main] DEBUG IndependentPlugin - binding server bootstrap to: [::1, 127.0.0.1]
2022-02-08 10:57:41.705 [main] DEBUG IndependentPlugin - Bound profile [test] to address {[::1]:5555}
2022-02-08 10:57:41.705 [main] DEBUG IndependentPlugin - Bound profile [test] to address {127.0.0.1:5555}
2022-02-08 14:28:34.209 [main] DEBUG io.netty.util.internal.logging.InternalLoggerFactory - Using Log4J2 as the default logging framework
2022-02-08 14:28:34.215 [main] DEBUG io.netty.util.internal.PlatformDependent0 - -Dio.netty.noUnsafe: false
2022-02-08 14:28:34.216 [main] DEBUG io.netty.util.internal.PlatformDependent0 - Java version: 14
2022-02-08 14:28:34.217 [main] DEBUG io.netty.util.internal.PlatformDependent0 - sun.misc.Unsafe.theUnsafe: available
2022-02-08 14:28:34.218 [main] DEBUG io.netty.util.internal.PlatformDependent0 - sun.misc.Unsafe.copyMemory: available
2022-02-08 14:28:34.218 [main] DEBUG io.netty.util.internal.PlatformDependent0 - java.nio.Buffer.address: available
2022-02-08 14:28:34.219 [main] DEBUG io.netty.util.internal.PlatformDependent0 - direct buffer constructor: unavailable: Reflective setAccessible(true) disabled
2022-02-08 14:28:34.220 [main] DEBUG io.netty.util.internal.PlatformDependent0 - java.nio.Bits.unaligned: available, true
2022-02-08 14:28:34.221 [main] DEBUG io.netty.util.internal.PlatformDependent0 - jdk.internal.misc.Unsafe.allocateUninitializedArray(int): unavailable: class io.netty.util.internal.PlatformDependent0$6 cannot access class jdk.internal.misc.Unsafe (in module java.base) because module java.base does not export jdk.internal.misc to unnamed module @4eaf3684
2022-02-08 14:28:34.222 [main] DEBUG io.netty.util.internal.PlatformDependent0 - java.nio.DirectByteBuffer.<init>(long, int): unavailable
2022-02-08 14:28:34.222 [main] DEBUG io.netty.util.internal.PlatformDependent - sun.misc.Unsafe: available
2022-02-08 14:28:34.223 [main] DEBUG io.netty.util.internal.PlatformDependent - maxDirectMemory: 4294967296 bytes (maybe)
2022-02-08 14:28:34.223 [main] DEBUG io.netty.util.internal.PlatformDependent - -Dio.netty.tmpdir: /var/folders/5j/c7kjyy2j33nc2j6gjbtmskgr0000gs/T (java.io.tmpdir)
2022-02-08 14:28:34.223 [main] DEBUG io.netty.util.internal.PlatformDependent - -Dio.netty.bitMode: 64 (sun.arch.data.model)
2022-02-08 14:28:34.224 [main] DEBUG io.netty.util.internal.PlatformDependent - Platform: MacOS
2022-02-08 14:28:34.225 [main] DEBUG io.netty.util.internal.PlatformDependent - -Dio.netty.maxDirectMemory: -1 bytes
2022-02-08 14:28:34.225 [main] DEBUG io.netty.util.internal.PlatformDependent - -Dio.netty.uninitializedArrayAllocationThreshold: -1
2022-02-08 14:28:34.226 [main] DEBUG io.netty.util.internal.CleanerJava9 - java.nio.ByteBuffer.cleaner(): available
2022-02-08 14:28:34.226 [main] DEBUG io.netty.util.internal.PlatformDependent - -Dio.netty.noPreferDirect: false
2022-02-08 14:28:34.238 [main] DEBUG io.netty.channel.MultithreadEventLoopGroup - -Dio.netty.eventLoopThreads: 24
2022-02-08 14:28:34.267 [main] DEBUG io.netty.util.internal.InternalThreadLocalMap - -Dio.netty.threadLocalMap.stringBuilder.initialSize: 1024
2022-02-08 14:28:34.267 [main] DEBUG io.netty.util.internal.InternalThreadLocalMap - -Dio.netty.threadLocalMap.stringBuilder.maxSize: 4096
2022-02-08 14:28:34.273 [main] DEBUG io.netty.channel.nio.NioEventLoop - -Dio.netty.noKeySetOptimization: false
2022-02-08 14:28:34.273 [main] DEBUG io.netty.channel.nio.NioEventLoop - -Dio.netty.selectorAutoRebuildThreshold: 512
2022-02-08 14:28:34.278 [main] DEBUG io.netty.util.internal.PlatformDependent - org.jctools-core.MpscChunkedArrayQueue: available
2022-02-08 14:28:34.299 [main] DEBUG org.opensearch.threadpool.ThreadPool - created thread pool: name [force_merge], size [1], queue size [unbounded]
2022-02-08 14:28:34.300 [main] DEBUG org.opensearch.threadpool.ThreadPool - created thread pool: name [fetch_shard_started], core [1], max [24], keep alive [5m]
2022-02-08 14:28:34.301 [main] DEBUG org.opensearch.threadpool.ThreadPool - created thread pool: name [listener], size [6], queue size [unbounded]
2022-02-08 14:28:34.301 [main] DEBUG org.opensearch.threadpool.ThreadPool - created thread pool: name [refresh], core [1], max [6], keep alive [5m]
2022-02-08 14:28:34.303 [main] DEBUG org.opensearch.threadpool.ThreadPool - created thread pool: name [system_write], size [5], queue size [1k]
2022-02-08 14:28:34.303 [main] DEBUG org.opensearch.threadpool.ThreadPool - created thread pool: name [generic], core [4], max [128], keep alive [30s]
2022-02-08 14:28:34.304 [main] DEBUG org.opensearch.threadpool.ThreadPool - created thread pool: name [warmer], core [1], max [5], keep alive [5m]
2022-02-08 14:28:34.305 [main] DEBUG org.opensearch.common.util.concurrent.QueueResizingOpenSearchThreadPoolExecutor - thread pool [test/search] will adjust queue by [50] when determining automatic queue size
2022-02-08 14:28:34.305 [main] DEBUG org.opensearch.threadpool.ThreadPool - created thread pool: name [search], size [19], queue size [1k]
2022-02-08 14:28:34.306 [main] DEBUG org.opensearch.threadpool.ThreadPool - created thread pool: name [flush], core [1], max [5], keep alive [5m]
2022-02-08 14:28:34.306 [main] DEBUG org.opensearch.threadpool.ThreadPool - created thread pool: name [fetch_shard_store], core [1], max [24], keep alive [5m]
2022-02-08 14:28:34.306 [main] DEBUG org.opensearch.threadpool.ThreadPool - created thread pool: name [management], core [1], max [5], keep alive [5m]
2022-02-08 14:28:34.306 [main] DEBUG org.opensearch.threadpool.ThreadPool - created thread pool: name [get], size [12], queue size [1k]
2022-02-08 14:28:34.307 [main] DEBUG org.opensearch.threadpool.ThreadPool - created thread pool: name [analyze], size [1], queue size [16]
2022-02-08 14:28:34.307 [main] DEBUG org.opensearch.threadpool.ThreadPool - created thread pool: name [system_read], size [5], queue size [2k]
2022-02-08 14:28:34.307 [main] DEBUG org.opensearch.threadpool.ThreadPool - created thread pool: name [write], size [12], queue size [10k]
2022-02-08 14:28:34.307 [main] DEBUG org.opensearch.threadpool.ThreadPool - created thread pool: name [snapshot], core [1], max [5], keep alive [5m]
2022-02-08 14:28:34.308 [main] DEBUG org.opensearch.common.util.concurrent.QueueResizingOpenSearchThreadPoolExecutor - thread pool [test/search_throttled] will adjust queue by [50] when determining automatic queue size
2022-02-08 14:28:34.308 [main] DEBUG org.opensearch.threadpool.ThreadPool - created thread pool: name [search_throttled], size [1], queue size [100]
2022-02-08 14:28:34.310 [main] DEBUG IndependentPlugin - using profile[default], worker_count[12], port[3333], bind_host[[]], publish_host[[]], receive_predictor[64kb->64kb]
2022-02-08 14:28:34.332 [main] DEBUG io.netty.util.ResourceLeakDetector - -Dio.netty.leakDetection.level: simple
2022-02-08 14:28:34.332 [main] DEBUG io.netty.util.ResourceLeakDetector - -Dio.netty.leakDetection.targetRecords: 4
2022-02-08 14:28:34.334 [main] DEBUG io.netty.buffer.PooledByteBufAllocator - -Dio.netty.allocator.numHeapArenas: 24
2022-02-08 14:28:34.334 [main] DEBUG io.netty.buffer.PooledByteBufAllocator - -Dio.netty.allocator.numDirectArenas: 24
2022-02-08 14:28:34.334 [main] DEBUG io.netty.buffer.PooledByteBufAllocator - -Dio.netty.allocator.pageSize: 8192
2022-02-08 14:28:34.335 [main] DEBUG io.netty.buffer.PooledByteBufAllocator - -Dio.netty.allocator.maxOrder: 11
2022-02-08 14:28:34.335 [main] DEBUG io.netty.buffer.PooledByteBufAllocator - -Dio.netty.allocator.chunkSize: 16777216
2022-02-08 14:28:34.335 [main] DEBUG io.netty.buffer.PooledByteBufAllocator - -Dio.netty.allocator.smallCacheSize: 256
2022-02-08 14:28:34.335 [main] DEBUG io.netty.buffer.PooledByteBufAllocator - -Dio.netty.allocator.normalCacheSize: 64
2022-02-08 14:28:34.335 [main] DEBUG io.netty.buffer.PooledByteBufAllocator - -Dio.netty.allocator.maxCachedBufferCapacity: 32768
2022-02-08 14:28:34.335 [main] DEBUG io.netty.buffer.PooledByteBufAllocator - -Dio.netty.allocator.cacheTrimInterval: 8192
2022-02-08 14:28:34.335 [main] DEBUG io.netty.buffer.PooledByteBufAllocator - -Dio.netty.allocator.cacheTrimIntervalMillis: 0
2022-02-08 14:28:34.336 [main] DEBUG io.netty.buffer.PooledByteBufAllocator - -Dio.netty.allocator.useCacheForAllThreads: true
2022-02-08 14:28:34.336 [main] DEBUG io.netty.buffer.PooledByteBufAllocator - -Dio.netty.allocator.maxCachedByteBuffersPerChunk: 1023
2022-02-08 14:28:34.367 [main] DEBUG IndependentPlugin - binding server bootstrap to: [::1, 127.0.0.1]
2022-02-08 14:28:34.385 [main] DEBUG io.netty.channel.DefaultChannelId - -Dio.netty.processId: 88242 (auto-detected)
2022-02-08 14:28:34.386 [main] DEBUG io.netty.util.NetUtil - -Djava.net.preferIPv4Stack: false
2022-02-08 14:28:34.386 [main] DEBUG io.netty.util.NetUtil - -Djava.net.preferIPv6Addresses: false
2022-02-08 14:28:34.388 [main] DEBUG io.netty.util.NetUtilInitializations - Loopback interface: lo0 (lo0, 0:0:0:0:0:0:0:1%lo0)
2022-02-08 14:28:34.389 [main] DEBUG io.netty.util.NetUtil - Failed to get SOMAXCONN from sysctl and file /proc/sys/net/core/somaxconn. Default: 128
2022-02-08 14:28:34.391 [main] DEBUG io.netty.channel.DefaultChannelId - -Dio.netty.machineId: ac:de:48:ff:fe:00:11:22 (auto-detected)
2022-02-08 14:28:34.412 [main] DEBUG io.netty.buffer.ByteBufUtil - -Dio.netty.allocator.type: pooled
2022-02-08 14:28:34.412 [main] DEBUG io.netty.buffer.ByteBufUtil - -Dio.netty.threadLocalDirectBufferSize: 0
2022-02-08 14:28:34.413 [main] DEBUG io.netty.buffer.ByteBufUtil - -Dio.netty.maxThreadLocalCharBufferSize: 16384
2022-02-08 14:28:34.434 [main] DEBUG IndependentPlugin - Bound profile [default] to address {[::1]:3333}
2022-02-08 14:28:34.435 [main] DEBUG IndependentPlugin - Bound profile [default] to address {127.0.0.1:3333}
2022-02-08 14:28:34.437 [main] DEBUG IndependentPlugin - using profile[test], worker_count[12], port[5555], bind_host[[]], publish_host[[]], receive_predictor[64kb->64kb]
2022-02-08 14:28:34.438 [main] DEBUG IndependentPlugin - binding server bootstrap to: [::1, 127.0.0.1]
2022-02-08 14:28:34.439 [main] DEBUG IndependentPlugin - Bound profile [test] to address {[::1]:5555}
2022-02-08 14:28:34.440 [main] DEBUG IndependentPlugin - Bound profile [test] to address {127.0.0.1:5555}
