2022-02-03 10:00:38.632 [main] DEBUG io.netty.util.internal.logging.InternalLoggerFactory - Using Log4J2 as the default logging framework
2022-02-03 10:00:38.639 [main] DEBUG io.netty.util.internal.PlatformDependent0 - -Dio.netty.noUnsafe: false
2022-02-03 10:00:38.639 [main] DEBUG io.netty.util.internal.PlatformDependent0 - Java version: 14
2022-02-03 10:00:38.642 [main] DEBUG io.netty.util.internal.PlatformDependent0 - sun.misc.Unsafe.theUnsafe: available
2022-02-03 10:00:38.643 [main] DEBUG io.netty.util.internal.PlatformDependent0 - sun.misc.Unsafe.copyMemory: available
2022-02-03 10:00:38.643 [main] DEBUG io.netty.util.internal.PlatformDependent0 - java.nio.Buffer.address: available
2022-02-03 10:00:38.644 [main] DEBUG io.netty.util.internal.PlatformDependent0 - direct buffer constructor: unavailable: Reflective setAccessible(true) disabled
2022-02-03 10:00:38.645 [main] DEBUG io.netty.util.internal.PlatformDependent0 - java.nio.Bits.unaligned: available, true
2022-02-03 10:00:38.646 [main] DEBUG io.netty.util.internal.PlatformDependent0 - jdk.internal.misc.Unsafe.allocateUninitializedArray(int): unavailable: class io.netty.util.internal.PlatformDependent0$6 cannot access class jdk.internal.misc.Unsafe (in module java.base) because module java.base does not export jdk.internal.misc to unnamed module @67b9b51a
2022-02-03 10:00:38.648 [main] DEBUG io.netty.util.internal.PlatformDependent0 - java.nio.DirectByteBuffer.<init>(long, int): unavailable
2022-02-03 10:00:38.648 [main] DEBUG io.netty.util.internal.PlatformDependent - sun.misc.Unsafe: available
2022-02-03 10:00:38.649 [main] DEBUG io.netty.util.internal.PlatformDependent - maxDirectMemory: 4294967296 bytes (maybe)
2022-02-03 10:00:38.649 [main] DEBUG io.netty.util.internal.PlatformDependent - -Dio.netty.tmpdir: /var/folders/5j/c7kjyy2j33nc2j6gjbtmskgr0000gs/T (java.io.tmpdir)
2022-02-03 10:00:38.650 [main] DEBUG io.netty.util.internal.PlatformDependent - -Dio.netty.bitMode: 64 (sun.arch.data.model)
2022-02-03 10:00:38.651 [main] DEBUG io.netty.util.internal.PlatformDependent - Platform: MacOS
2022-02-03 10:00:38.651 [main] DEBUG io.netty.util.internal.PlatformDependent - -Dio.netty.maxDirectMemory: -1 bytes
2022-02-03 10:00:38.652 [main] DEBUG io.netty.util.internal.PlatformDependent - -Dio.netty.uninitializedArrayAllocationThreshold: -1
2022-02-03 10:00:38.653 [main] DEBUG io.netty.util.internal.CleanerJava9 - java.nio.ByteBuffer.cleaner(): available
2022-02-03 10:00:38.653 [main] DEBUG io.netty.util.internal.PlatformDependent - -Dio.netty.noPreferDirect: false
2022-02-03 10:00:38.669 [main] DEBUG io.netty.channel.MultithreadEventLoopGroup - -Dio.netty.eventLoopThreads: 24
2022-02-03 10:00:38.707 [main] DEBUG io.netty.util.internal.InternalThreadLocalMap - -Dio.netty.threadLocalMap.stringBuilder.initialSize: 1024
2022-02-03 10:00:38.708 [main] DEBUG io.netty.util.internal.InternalThreadLocalMap - -Dio.netty.threadLocalMap.stringBuilder.maxSize: 4096
2022-02-03 10:00:38.715 [main] DEBUG io.netty.channel.nio.NioEventLoop - -Dio.netty.noKeySetOptimization: false
2022-02-03 10:00:38.716 [main] DEBUG io.netty.channel.nio.NioEventLoop - -Dio.netty.selectorAutoRebuildThreshold: 512
2022-02-03 10:00:38.722 [main] DEBUG io.netty.util.internal.PlatformDependent - org.jctools-core.MpscChunkedArrayQueue: available
2022-02-03 10:00:38.736 [main] DEBUG IndependentPlugin - using profile[test], worker_count[12], port[5555], bind_host[[]], publish_host[[]], receive_predictor[64kb->64kb]
2022-02-03 10:00:38.768 [main] DEBUG io.netty.util.ResourceLeakDetector - -Dio.netty.leakDetection.level: simple
2022-02-03 10:00:38.768 [main] DEBUG io.netty.util.ResourceLeakDetector - -Dio.netty.leakDetection.targetRecords: 4
2022-02-03 10:00:38.771 [main] DEBUG io.netty.buffer.PooledByteBufAllocator - -Dio.netty.allocator.numHeapArenas: 24
2022-02-03 10:00:38.771 [main] DEBUG io.netty.buffer.PooledByteBufAllocator - -Dio.netty.allocator.numDirectArenas: 24
2022-02-03 10:00:38.771 [main] DEBUG io.netty.buffer.PooledByteBufAllocator - -Dio.netty.allocator.pageSize: 8192
2022-02-03 10:00:38.771 [main] DEBUG io.netty.buffer.PooledByteBufAllocator - -Dio.netty.allocator.maxOrder: 11
2022-02-03 10:00:38.771 [main] DEBUG io.netty.buffer.PooledByteBufAllocator - -Dio.netty.allocator.chunkSize: 16777216
2022-02-03 10:00:38.771 [main] DEBUG io.netty.buffer.PooledByteBufAllocator - -Dio.netty.allocator.smallCacheSize: 256
2022-02-03 10:00:38.772 [main] DEBUG io.netty.buffer.PooledByteBufAllocator - -Dio.netty.allocator.normalCacheSize: 64
2022-02-03 10:00:38.772 [main] DEBUG io.netty.buffer.PooledByteBufAllocator - -Dio.netty.allocator.maxCachedBufferCapacity: 32768
2022-02-03 10:00:38.772 [main] DEBUG io.netty.buffer.PooledByteBufAllocator - -Dio.netty.allocator.cacheTrimInterval: 8192
2022-02-03 10:00:38.772 [main] DEBUG io.netty.buffer.PooledByteBufAllocator - -Dio.netty.allocator.cacheTrimIntervalMillis: 0
2022-02-03 10:00:38.772 [main] DEBUG io.netty.buffer.PooledByteBufAllocator - -Dio.netty.allocator.useCacheForAllThreads: true
2022-02-03 10:00:38.772 [main] DEBUG io.netty.buffer.PooledByteBufAllocator - -Dio.netty.allocator.maxCachedByteBuffersPerChunk: 1023
2022-02-03 10:00:38.816 [main] DEBUG IndependentPlugin - binding server bootstrap to: [::1, 127.0.0.1]
2022-02-03 10:00:38.840 [main] DEBUG io.netty.channel.DefaultChannelId - -Dio.netty.processId: 93433 (auto-detected)
2022-02-03 10:00:38.843 [main] DEBUG io.netty.util.NetUtil - -Djava.net.preferIPv4Stack: false
2022-02-03 10:00:38.843 [main] DEBUG io.netty.util.NetUtil - -Djava.net.preferIPv6Addresses: false
2022-02-03 10:00:38.847 [main] DEBUG io.netty.util.NetUtilInitializations - Loopback interface: lo0 (lo0, 0:0:0:0:0:0:0:1%lo0)
2022-02-03 10:00:38.849 [main] DEBUG io.netty.util.NetUtil - Failed to get SOMAXCONN from sysctl and file /proc/sys/net/core/somaxconn. Default: 128
2022-02-03 10:00:38.852 [main] DEBUG io.netty.channel.DefaultChannelId - -Dio.netty.machineId: 88:66:5a:ff:fe:37:c9:4e (auto-detected)
2022-02-03 10:00:38.879 [main] DEBUG io.netty.buffer.ByteBufUtil - -Dio.netty.allocator.type: pooled
2022-02-03 10:00:38.879 [main] DEBUG io.netty.buffer.ByteBufUtil - -Dio.netty.threadLocalDirectBufferSize: 0
2022-02-03 10:00:38.879 [main] DEBUG io.netty.buffer.ByteBufUtil - -Dio.netty.maxThreadLocalCharBufferSize: 16384
2022-02-03 10:00:38.904 [main] DEBUG IndependentPlugin - Bound profile [test] to address {[::1]:5555}
2022-02-03 10:00:38.906 [main] DEBUG IndependentPlugin - Bound profile [test] to address {127.0.0.1:5555}
2022-02-03 10:00:38.907 [main] DEBUG IndependentPlugin - using profile[default], worker_count[12], port[3333], bind_host[[]], publish_host[[]], receive_predictor[64kb->64kb]
2022-02-03 10:00:38.908 [main] DEBUG IndependentPlugin - binding server bootstrap to: [::1, 127.0.0.1]
2022-02-03 10:00:38.909 [main] DEBUG IndependentPlugin - Bound profile [default] to address {[::1]:3333}
2022-02-03 10:00:38.910 [main] DEBUG IndependentPlugin - Bound profile [default] to address {127.0.0.1:3333}
2022-02-03 10:23:18.255 [main] DEBUG io.netty.util.internal.logging.InternalLoggerFactory - Using Log4J2 as the default logging framework
2022-02-03 10:23:18.263 [main] DEBUG io.netty.util.internal.PlatformDependent0 - -Dio.netty.noUnsafe: false
2022-02-03 10:23:18.264 [main] DEBUG io.netty.util.internal.PlatformDependent0 - Java version: 14
2022-02-03 10:23:18.266 [main] DEBUG io.netty.util.internal.PlatformDependent0 - sun.misc.Unsafe.theUnsafe: available
2022-02-03 10:23:18.267 [main] DEBUG io.netty.util.internal.PlatformDependent0 - sun.misc.Unsafe.copyMemory: available
2022-02-03 10:23:18.268 [main] DEBUG io.netty.util.internal.PlatformDependent0 - java.nio.Buffer.address: available
2022-02-03 10:23:18.269 [main] DEBUG io.netty.util.internal.PlatformDependent0 - direct buffer constructor: unavailable: Reflective setAccessible(true) disabled
2022-02-03 10:23:18.269 [main] DEBUG io.netty.util.internal.PlatformDependent0 - java.nio.Bits.unaligned: available, true
2022-02-03 10:23:18.270 [main] DEBUG io.netty.util.internal.PlatformDependent0 - jdk.internal.misc.Unsafe.allocateUninitializedArray(int): unavailable: class io.netty.util.internal.PlatformDependent0$6 cannot access class jdk.internal.misc.Unsafe (in module java.base) because module java.base does not export jdk.internal.misc to unnamed module @31920ade
2022-02-03 10:23:18.272 [main] DEBUG io.netty.util.internal.PlatformDependent0 - java.nio.DirectByteBuffer.<init>(long, int): unavailable
2022-02-03 10:23:18.272 [main] DEBUG io.netty.util.internal.PlatformDependent - sun.misc.Unsafe: available
2022-02-03 10:23:18.273 [main] DEBUG io.netty.util.internal.PlatformDependent - maxDirectMemory: 4294967296 bytes (maybe)
2022-02-03 10:23:18.273 [main] DEBUG io.netty.util.internal.PlatformDependent - -Dio.netty.tmpdir: /var/folders/5j/c7kjyy2j33nc2j6gjbtmskgr0000gs/T (java.io.tmpdir)
2022-02-03 10:23:18.273 [main] DEBUG io.netty.util.internal.PlatformDependent - -Dio.netty.bitMode: 64 (sun.arch.data.model)
2022-02-03 10:23:18.275 [main] DEBUG io.netty.util.internal.PlatformDependent - Platform: MacOS
2022-02-03 10:23:18.276 [main] DEBUG io.netty.util.internal.PlatformDependent - -Dio.netty.maxDirectMemory: -1 bytes
2022-02-03 10:23:18.276 [main] DEBUG io.netty.util.internal.PlatformDependent - -Dio.netty.uninitializedArrayAllocationThreshold: -1
2022-02-03 10:23:18.278 [main] DEBUG io.netty.util.internal.CleanerJava9 - java.nio.ByteBuffer.cleaner(): available
2022-02-03 10:23:18.278 [main] DEBUG io.netty.util.internal.PlatformDependent - -Dio.netty.noPreferDirect: false
2022-02-03 10:23:18.318 [main] DEBUG org.opensearch.threadpool.ThreadPool - created thread pool: name [force_merge], size [1], queue size [unbounded]
2022-02-03 10:23:18.325 [main] DEBUG org.opensearch.threadpool.ThreadPool - created thread pool: name [fetch_shard_started], core [1], max [24], keep alive [5m]
2022-02-03 10:23:18.325 [main] DEBUG org.opensearch.threadpool.ThreadPool - created thread pool: name [listener], size [6], queue size [unbounded]
2022-02-03 10:23:18.325 [main] DEBUG org.opensearch.threadpool.ThreadPool - created thread pool: name [refresh], core [1], max [6], keep alive [5m]
2022-02-03 10:23:18.328 [main] DEBUG org.opensearch.threadpool.ThreadPool - created thread pool: name [system_write], size [5], queue size [1k]
2022-02-03 10:23:18.329 [main] DEBUG org.opensearch.threadpool.ThreadPool - created thread pool: name [generic], core [4], max [128], keep alive [30s]
2022-02-03 10:23:18.329 [main] DEBUG org.opensearch.threadpool.ThreadPool - created thread pool: name [warmer], core [1], max [5], keep alive [5m]
2022-02-03 10:23:18.332 [main] DEBUG org.opensearch.common.util.concurrent.QueueResizingOpenSearchThreadPoolExecutor - thread pool [test/search] will adjust queue by [50] when determining automatic queue size
2022-02-03 10:23:18.332 [main] DEBUG org.opensearch.threadpool.ThreadPool - created thread pool: name [search], size [19], queue size [1k]
2022-02-03 10:23:18.333 [main] DEBUG org.opensearch.threadpool.ThreadPool - created thread pool: name [flush], core [1], max [5], keep alive [5m]
2022-02-03 10:23:18.333 [main] DEBUG org.opensearch.threadpool.ThreadPool - created thread pool: name [fetch_shard_store], core [1], max [24], keep alive [5m]
2022-02-03 10:23:18.334 [main] DEBUG org.opensearch.threadpool.ThreadPool - created thread pool: name [management], core [1], max [5], keep alive [5m]
2022-02-03 10:23:18.334 [main] DEBUG org.opensearch.threadpool.ThreadPool - created thread pool: name [get], size [12], queue size [1k]
2022-02-03 10:23:18.334 [main] DEBUG org.opensearch.threadpool.ThreadPool - created thread pool: name [analyze], size [1], queue size [16]
2022-02-03 10:23:18.335 [main] DEBUG org.opensearch.threadpool.ThreadPool - created thread pool: name [system_read], size [5], queue size [2k]
2022-02-03 10:23:18.335 [main] DEBUG org.opensearch.threadpool.ThreadPool - created thread pool: name [write], size [12], queue size [10k]
2022-02-03 10:23:18.336 [main] DEBUG org.opensearch.threadpool.ThreadPool - created thread pool: name [snapshot], core [1], max [5], keep alive [5m]
2022-02-03 10:23:18.336 [main] DEBUG org.opensearch.common.util.concurrent.QueueResizingOpenSearchThreadPoolExecutor - thread pool [test/search_throttled] will adjust queue by [50] when determining automatic queue size
2022-02-03 10:23:18.336 [main] DEBUG org.opensearch.threadpool.ThreadPool - created thread pool: name [search_throttled], size [1], queue size [100]
2022-02-03 10:23:18.344 [main] DEBUG io.netty.channel.MultithreadEventLoopGroup - -Dio.netty.eventLoopThreads: 24
2022-02-03 10:23:18.365 [main] DEBUG io.netty.util.internal.InternalThreadLocalMap - -Dio.netty.threadLocalMap.stringBuilder.initialSize: 1024
2022-02-03 10:23:18.365 [main] DEBUG io.netty.util.internal.InternalThreadLocalMap - -Dio.netty.threadLocalMap.stringBuilder.maxSize: 4096
2022-02-03 10:23:18.374 [main] DEBUG io.netty.channel.nio.NioEventLoop - -Dio.netty.noKeySetOptimization: false
2022-02-03 10:23:18.374 [main] DEBUG io.netty.channel.nio.NioEventLoop - -Dio.netty.selectorAutoRebuildThreshold: 512
2022-02-03 10:23:18.381 [main] DEBUG io.netty.util.internal.PlatformDependent - org.jctools-core.MpscChunkedArrayQueue: available
2022-02-03 10:23:18.391 [main] DEBUG IndependentPlugin - using profile[default], worker_count[12], port[3333], bind_host[[]], publish_host[[]], receive_predictor[64kb->64kb]
2022-02-03 10:23:18.415 [main] DEBUG io.netty.util.ResourceLeakDetector - -Dio.netty.leakDetection.level: simple
2022-02-03 10:23:18.415 [main] DEBUG io.netty.util.ResourceLeakDetector - -Dio.netty.leakDetection.targetRecords: 4
2022-02-03 10:23:18.417 [main] DEBUG io.netty.buffer.PooledByteBufAllocator - -Dio.netty.allocator.numHeapArenas: 24
2022-02-03 10:23:18.417 [main] DEBUG io.netty.buffer.PooledByteBufAllocator - -Dio.netty.allocator.numDirectArenas: 24
2022-02-03 10:23:18.417 [main] DEBUG io.netty.buffer.PooledByteBufAllocator - -Dio.netty.allocator.pageSize: 8192
2022-02-03 10:23:18.418 [main] DEBUG io.netty.buffer.PooledByteBufAllocator - -Dio.netty.allocator.maxOrder: 11
2022-02-03 10:23:18.418 [main] DEBUG io.netty.buffer.PooledByteBufAllocator - -Dio.netty.allocator.chunkSize: 16777216
2022-02-03 10:23:18.418 [main] DEBUG io.netty.buffer.PooledByteBufAllocator - -Dio.netty.allocator.smallCacheSize: 256
2022-02-03 10:23:18.418 [main] DEBUG io.netty.buffer.PooledByteBufAllocator - -Dio.netty.allocator.normalCacheSize: 64
2022-02-03 10:23:18.418 [main] DEBUG io.netty.buffer.PooledByteBufAllocator - -Dio.netty.allocator.maxCachedBufferCapacity: 32768
2022-02-03 10:23:18.418 [main] DEBUG io.netty.buffer.PooledByteBufAllocator - -Dio.netty.allocator.cacheTrimInterval: 8192
2022-02-03 10:23:18.418 [main] DEBUG io.netty.buffer.PooledByteBufAllocator - -Dio.netty.allocator.cacheTrimIntervalMillis: 0
2022-02-03 10:23:18.418 [main] DEBUG io.netty.buffer.PooledByteBufAllocator - -Dio.netty.allocator.useCacheForAllThreads: true
2022-02-03 10:23:18.418 [main] DEBUG io.netty.buffer.PooledByteBufAllocator - -Dio.netty.allocator.maxCachedByteBuffersPerChunk: 1023
2022-02-03 10:23:18.446 [main] DEBUG IndependentPlugin - binding server bootstrap to: [::1, 127.0.0.1]
2022-02-03 10:23:18.466 [main] DEBUG io.netty.channel.DefaultChannelId - -Dio.netty.processId: 98817 (auto-detected)
2022-02-03 10:23:18.467 [main] DEBUG io.netty.util.NetUtil - -Djava.net.preferIPv4Stack: false
2022-02-03 10:23:18.467 [main] DEBUG io.netty.util.NetUtil - -Djava.net.preferIPv6Addresses: false
2022-02-03 10:23:18.470 [main] DEBUG io.netty.util.NetUtilInitializations - Loopback interface: lo0 (lo0, 0:0:0:0:0:0:0:1%lo0)
2022-02-03 10:23:18.470 [main] DEBUG io.netty.util.NetUtil - Failed to get SOMAXCONN from sysctl and file /proc/sys/net/core/somaxconn. Default: 128
2022-02-03 10:23:18.472 [main] DEBUG io.netty.channel.DefaultChannelId - -Dio.netty.machineId: 88:66:5a:ff:fe:37:c9:4e (auto-detected)
2022-02-03 10:23:18.491 [main] DEBUG io.netty.buffer.ByteBufUtil - -Dio.netty.allocator.type: pooled
2022-02-03 10:23:18.491 [main] DEBUG io.netty.buffer.ByteBufUtil - -Dio.netty.threadLocalDirectBufferSize: 0
2022-02-03 10:23:18.491 [main] DEBUG io.netty.buffer.ByteBufUtil - -Dio.netty.maxThreadLocalCharBufferSize: 16384
2022-02-03 10:23:18.508 [main] DEBUG IndependentPlugin - Bound profile [default] to address {[::1]:3333}
2022-02-03 10:23:18.509 [main] DEBUG IndependentPlugin - Bound profile [default] to address {127.0.0.1:3333}
2022-02-03 10:23:18.511 [main] DEBUG IndependentPlugin - using profile[test], worker_count[12], port[5555], bind_host[[]], publish_host[[]], receive_predictor[64kb->64kb]
2022-02-03 10:23:18.512 [main] DEBUG IndependentPlugin - binding server bootstrap to: [::1, 127.0.0.1]
2022-02-03 10:23:18.513 [main] DEBUG IndependentPlugin - Bound profile [test] to address {[::1]:5555}
2022-02-03 10:23:18.514 [main] DEBUG IndependentPlugin - Bound profile [test] to address {127.0.0.1:5555}
2022-02-03 10:30:37.916 [main] DEBUG io.netty.util.internal.logging.InternalLoggerFactory - Using Log4J2 as the default logging framework
2022-02-03 10:30:37.938 [main] DEBUG io.netty.util.internal.PlatformDependent0 - -Dio.netty.noUnsafe: false
2022-02-03 10:30:37.940 [main] DEBUG io.netty.util.internal.PlatformDependent0 - Java version: 14
2022-02-03 10:30:37.943 [main] DEBUG io.netty.util.internal.PlatformDependent0 - sun.misc.Unsafe.theUnsafe: available
2022-02-03 10:30:37.944 [main] DEBUG io.netty.util.internal.PlatformDependent0 - sun.misc.Unsafe.copyMemory: available
2022-02-03 10:30:37.945 [main] DEBUG io.netty.util.internal.PlatformDependent0 - java.nio.Buffer.address: available
2022-02-03 10:30:37.947 [main] DEBUG io.netty.util.internal.PlatformDependent0 - direct buffer constructor: unavailable: Reflective setAccessible(true) disabled
2022-02-03 10:30:37.951 [main] DEBUG io.netty.util.internal.PlatformDependent0 - java.nio.Bits.unaligned: available, true
2022-02-03 10:30:37.955 [main] DEBUG io.netty.util.internal.PlatformDependent0 - jdk.internal.misc.Unsafe.allocateUninitializedArray(int): unavailable: class io.netty.util.internal.PlatformDependent0$6 cannot access class jdk.internal.misc.Unsafe (in module java.base) because module java.base does not export jdk.internal.misc to unnamed module @31920ade
2022-02-03 10:30:37.958 [main] DEBUG io.netty.util.internal.PlatformDependent0 - java.nio.DirectByteBuffer.<init>(long, int): unavailable
2022-02-03 10:30:37.960 [main] DEBUG io.netty.util.internal.PlatformDependent - sun.misc.Unsafe: available
2022-02-03 10:30:37.962 [main] DEBUG io.netty.util.internal.PlatformDependent - maxDirectMemory: 4294967296 bytes (maybe)
2022-02-03 10:30:37.962 [main] DEBUG io.netty.util.internal.PlatformDependent - -Dio.netty.tmpdir: /var/folders/5j/c7kjyy2j33nc2j6gjbtmskgr0000gs/T (java.io.tmpdir)
2022-02-03 10:30:37.963 [main] DEBUG io.netty.util.internal.PlatformDependent - -Dio.netty.bitMode: 64 (sun.arch.data.model)
2022-02-03 10:30:37.964 [main] DEBUG io.netty.util.internal.PlatformDependent - Platform: MacOS
2022-02-03 10:30:37.967 [main] DEBUG io.netty.util.internal.PlatformDependent - -Dio.netty.maxDirectMemory: -1 bytes
2022-02-03 10:30:37.968 [main] DEBUG io.netty.util.internal.PlatformDependent - -Dio.netty.uninitializedArrayAllocationThreshold: -1
2022-02-03 10:30:37.972 [main] DEBUG io.netty.util.internal.CleanerJava9 - java.nio.ByteBuffer.cleaner(): available
2022-02-03 10:30:37.973 [main] DEBUG io.netty.util.internal.PlatformDependent - -Dio.netty.noPreferDirect: false
2022-02-03 10:30:38.023 [main] DEBUG org.opensearch.threadpool.ThreadPool - created thread pool: name [force_merge], size [1], queue size [unbounded]
2022-02-03 10:30:38.024 [main] DEBUG org.opensearch.threadpool.ThreadPool - created thread pool: name [fetch_shard_started], core [1], max [24], keep alive [5m]
2022-02-03 10:30:38.025 [main] DEBUG org.opensearch.threadpool.ThreadPool - created thread pool: name [listener], size [6], queue size [unbounded]
2022-02-03 10:30:38.025 [main] DEBUG org.opensearch.threadpool.ThreadPool - created thread pool: name [refresh], core [1], max [6], keep alive [5m]
2022-02-03 10:30:38.028 [main] DEBUG org.opensearch.threadpool.ThreadPool - created thread pool: name [system_write], size [5], queue size [1k]
2022-02-03 10:30:38.028 [main] DEBUG org.opensearch.threadpool.ThreadPool - created thread pool: name [generic], core [4], max [128], keep alive [30s]
2022-02-03 10:30:38.029 [main] DEBUG org.opensearch.threadpool.ThreadPool - created thread pool: name [warmer], core [1], max [5], keep alive [5m]
2022-02-03 10:30:38.031 [main] DEBUG org.opensearch.common.util.concurrent.QueueResizingOpenSearchThreadPoolExecutor - thread pool [test/search] will adjust queue by [50] when determining automatic queue size
2022-02-03 10:30:38.031 [main] DEBUG org.opensearch.threadpool.ThreadPool - created thread pool: name [search], size [19], queue size [1k]
2022-02-03 10:30:38.031 [main] DEBUG org.opensearch.threadpool.ThreadPool - created thread pool: name [flush], core [1], max [5], keep alive [5m]
2022-02-03 10:30:38.032 [main] DEBUG org.opensearch.threadpool.ThreadPool - created thread pool: name [fetch_shard_store], core [1], max [24], keep alive [5m]
2022-02-03 10:30:38.032 [main] DEBUG org.opensearch.threadpool.ThreadPool - created thread pool: name [management], core [1], max [5], keep alive [5m]
2022-02-03 10:30:38.032 [main] DEBUG org.opensearch.threadpool.ThreadPool - created thread pool: name [get], size [12], queue size [1k]
2022-02-03 10:30:38.033 [main] DEBUG org.opensearch.threadpool.ThreadPool - created thread pool: name [analyze], size [1], queue size [16]
2022-02-03 10:30:38.033 [main] DEBUG org.opensearch.threadpool.ThreadPool - created thread pool: name [system_read], size [5], queue size [2k]
2022-02-03 10:30:38.033 [main] DEBUG org.opensearch.threadpool.ThreadPool - created thread pool: name [write], size [12], queue size [10k]
2022-02-03 10:30:38.034 [main] DEBUG org.opensearch.threadpool.ThreadPool - created thread pool: name [snapshot], core [1], max [5], keep alive [5m]
2022-02-03 10:30:38.034 [main] DEBUG org.opensearch.common.util.concurrent.QueueResizingOpenSearchThreadPoolExecutor - thread pool [test/search_throttled] will adjust queue by [50] when determining automatic queue size
2022-02-03 10:30:38.034 [main] DEBUG org.opensearch.threadpool.ThreadPool - created thread pool: name [search_throttled], size [1], queue size [100]
2022-02-03 10:30:38.044 [main] DEBUG io.netty.channel.MultithreadEventLoopGroup - -Dio.netty.eventLoopThreads: 24
2022-02-03 10:30:38.067 [main] DEBUG io.netty.util.internal.InternalThreadLocalMap - -Dio.netty.threadLocalMap.stringBuilder.initialSize: 1024
2022-02-03 10:30:38.067 [main] DEBUG io.netty.util.internal.InternalThreadLocalMap - -Dio.netty.threadLocalMap.stringBuilder.maxSize: 4096
2022-02-03 10:30:38.074 [main] DEBUG io.netty.channel.nio.NioEventLoop - -Dio.netty.noKeySetOptimization: false
2022-02-03 10:30:38.074 [main] DEBUG io.netty.channel.nio.NioEventLoop - -Dio.netty.selectorAutoRebuildThreshold: 512
2022-02-03 10:30:38.082 [main] DEBUG io.netty.util.internal.PlatformDependent - org.jctools-core.MpscChunkedArrayQueue: available
2022-02-03 10:30:38.103 [main] DEBUG IndependentPlugin - using profile[default], worker_count[12], port[3333], bind_host[[]], publish_host[[]], receive_predictor[64kb->64kb]
2022-02-03 10:30:38.158 [main] DEBUG io.netty.util.ResourceLeakDetector - -Dio.netty.leakDetection.level: simple
2022-02-03 10:30:38.158 [main] DEBUG io.netty.util.ResourceLeakDetector - -Dio.netty.leakDetection.targetRecords: 4
2022-02-03 10:30:38.166 [main] DEBUG io.netty.buffer.PooledByteBufAllocator - -Dio.netty.allocator.numHeapArenas: 24
2022-02-03 10:30:38.168 [main] DEBUG io.netty.buffer.PooledByteBufAllocator - -Dio.netty.allocator.numDirectArenas: 24
2022-02-03 10:30:38.169 [main] DEBUG io.netty.buffer.PooledByteBufAllocator - -Dio.netty.allocator.pageSize: 8192
2022-02-03 10:30:38.170 [main] DEBUG io.netty.buffer.PooledByteBufAllocator - -Dio.netty.allocator.maxOrder: 11
2022-02-03 10:30:38.170 [main] DEBUG io.netty.buffer.PooledByteBufAllocator - -Dio.netty.allocator.chunkSize: 16777216
2022-02-03 10:30:38.173 [main] DEBUG io.netty.buffer.PooledByteBufAllocator - -Dio.netty.allocator.smallCacheSize: 256
2022-02-03 10:30:38.174 [main] DEBUG io.netty.buffer.PooledByteBufAllocator - -Dio.netty.allocator.normalCacheSize: 64
2022-02-03 10:30:38.175 [main] DEBUG io.netty.buffer.PooledByteBufAllocator - -Dio.netty.allocator.maxCachedBufferCapacity: 32768
2022-02-03 10:30:38.175 [main] DEBUG io.netty.buffer.PooledByteBufAllocator - -Dio.netty.allocator.cacheTrimInterval: 8192
2022-02-03 10:30:38.175 [main] DEBUG io.netty.buffer.PooledByteBufAllocator - -Dio.netty.allocator.cacheTrimIntervalMillis: 0
2022-02-03 10:30:38.175 [main] DEBUG io.netty.buffer.PooledByteBufAllocator - -Dio.netty.allocator.useCacheForAllThreads: true
2022-02-03 10:30:38.175 [main] DEBUG io.netty.buffer.PooledByteBufAllocator - -Dio.netty.allocator.maxCachedByteBuffersPerChunk: 1023
2022-02-03 10:30:38.241 [main] DEBUG IndependentPlugin - binding server bootstrap to: [::1, 127.0.0.1]
2022-02-03 10:30:38.268 [main] DEBUG io.netty.channel.DefaultChannelId - -Dio.netty.processId: 99384 (auto-detected)
2022-02-03 10:30:38.271 [main] DEBUG io.netty.util.NetUtil - -Djava.net.preferIPv4Stack: false
2022-02-03 10:30:38.271 [main] DEBUG io.netty.util.NetUtil - -Djava.net.preferIPv6Addresses: false
2022-02-03 10:30:38.275 [main] DEBUG io.netty.util.NetUtilInitializations - Loopback interface: lo0 (lo0, 0:0:0:0:0:0:0:1%lo0)
2022-02-03 10:30:38.277 [main] DEBUG io.netty.util.NetUtil - Failed to get SOMAXCONN from sysctl and file /proc/sys/net/core/somaxconn. Default: 128
2022-02-03 10:30:38.280 [main] DEBUG io.netty.channel.DefaultChannelId - -Dio.netty.machineId: 88:66:5a:ff:fe:37:c9:4e (auto-detected)
2022-02-03 10:30:38.310 [main] DEBUG io.netty.buffer.ByteBufUtil - -Dio.netty.allocator.type: pooled
2022-02-03 10:30:38.310 [main] DEBUG io.netty.buffer.ByteBufUtil - -Dio.netty.threadLocalDirectBufferSize: 0
2022-02-03 10:30:38.310 [main] DEBUG io.netty.buffer.ByteBufUtil - -Dio.netty.maxThreadLocalCharBufferSize: 16384
2022-02-03 10:30:38.341 [main] DEBUG IndependentPlugin - Bound profile [default] to address {[::1]:3333}
2022-02-03 10:30:38.344 [main] DEBUG IndependentPlugin - Bound profile [default] to address {127.0.0.1:3333}
2022-02-03 10:30:38.348 [main] DEBUG IndependentPlugin - using profile[test], worker_count[12], port[5555], bind_host[[]], publish_host[[]], receive_predictor[64kb->64kb]
2022-02-03 10:30:38.350 [main] DEBUG IndependentPlugin - binding server bootstrap to: [::1, 127.0.0.1]
2022-02-03 10:30:38.352 [main] DEBUG IndependentPlugin - Bound profile [test] to address {[::1]:5555}
2022-02-03 10:30:38.354 [main] DEBUG IndependentPlugin - Bound profile [test] to address {127.0.0.1:5555}
2022-02-03 10:30:54.128 [main] DEBUG io.netty.util.internal.logging.InternalLoggerFactory - Using Log4J2 as the default logging framework
2022-02-03 10:30:54.138 [main] DEBUG io.netty.util.internal.PlatformDependent0 - -Dio.netty.noUnsafe: false
2022-02-03 10:30:54.138 [main] DEBUG io.netty.util.internal.PlatformDependent0 - Java version: 14
2022-02-03 10:30:54.140 [main] DEBUG io.netty.util.internal.PlatformDependent0 - sun.misc.Unsafe.theUnsafe: available
2022-02-03 10:30:54.140 [main] DEBUG io.netty.util.internal.PlatformDependent0 - sun.misc.Unsafe.copyMemory: available
2022-02-03 10:30:54.141 [main] DEBUG io.netty.util.internal.PlatformDependent0 - java.nio.Buffer.address: available
2022-02-03 10:30:54.141 [main] DEBUG io.netty.util.internal.PlatformDependent0 - direct buffer constructor: unavailable: Reflective setAccessible(true) disabled
2022-02-03 10:30:54.142 [main] DEBUG io.netty.util.internal.PlatformDependent0 - java.nio.Bits.unaligned: available, true
2022-02-03 10:30:54.143 [main] DEBUG io.netty.util.internal.PlatformDependent0 - jdk.internal.misc.Unsafe.allocateUninitializedArray(int): unavailable: class io.netty.util.internal.PlatformDependent0$6 cannot access class jdk.internal.misc.Unsafe (in module java.base) because module java.base does not export jdk.internal.misc to unnamed module @31920ade
2022-02-03 10:30:54.144 [main] DEBUG io.netty.util.internal.PlatformDependent0 - java.nio.DirectByteBuffer.<init>(long, int): unavailable
2022-02-03 10:30:54.144 [main] DEBUG io.netty.util.internal.PlatformDependent - sun.misc.Unsafe: available
2022-02-03 10:30:54.145 [main] DEBUG io.netty.util.internal.PlatformDependent - maxDirectMemory: 4294967296 bytes (maybe)
2022-02-03 10:30:54.146 [main] DEBUG io.netty.util.internal.PlatformDependent - -Dio.netty.tmpdir: /var/folders/5j/c7kjyy2j33nc2j6gjbtmskgr0000gs/T (java.io.tmpdir)
2022-02-03 10:30:54.146 [main] DEBUG io.netty.util.internal.PlatformDependent - -Dio.netty.bitMode: 64 (sun.arch.data.model)
2022-02-03 10:30:54.147 [main] DEBUG io.netty.util.internal.PlatformDependent - Platform: MacOS
2022-02-03 10:30:54.148 [main] DEBUG io.netty.util.internal.PlatformDependent - -Dio.netty.maxDirectMemory: -1 bytes
2022-02-03 10:30:54.148 [main] DEBUG io.netty.util.internal.PlatformDependent - -Dio.netty.uninitializedArrayAllocationThreshold: -1
2022-02-03 10:30:54.149 [main] DEBUG io.netty.util.internal.CleanerJava9 - java.nio.ByteBuffer.cleaner(): available
2022-02-03 10:30:54.149 [main] DEBUG io.netty.util.internal.PlatformDependent - -Dio.netty.noPreferDirect: false
2022-02-03 10:30:54.187 [main] DEBUG org.opensearch.threadpool.ThreadPool - created thread pool: name [force_merge], size [1], queue size [unbounded]
2022-02-03 10:30:54.191 [main] DEBUG org.opensearch.threadpool.ThreadPool - created thread pool: name [fetch_shard_started], core [1], max [24], keep alive [5m]
2022-02-03 10:30:54.191 [main] DEBUG org.opensearch.threadpool.ThreadPool - created thread pool: name [listener], size [6], queue size [unbounded]
2022-02-03 10:30:54.191 [main] DEBUG org.opensearch.threadpool.ThreadPool - created thread pool: name [refresh], core [1], max [6], keep alive [5m]
2022-02-03 10:30:54.194 [main] DEBUG org.opensearch.threadpool.ThreadPool - created thread pool: name [system_write], size [5], queue size [1k]
2022-02-03 10:30:54.194 [main] DEBUG org.opensearch.threadpool.ThreadPool - created thread pool: name [generic], core [4], max [128], keep alive [30s]
2022-02-03 10:30:54.194 [main] DEBUG org.opensearch.threadpool.ThreadPool - created thread pool: name [warmer], core [1], max [5], keep alive [5m]
2022-02-03 10:30:54.196 [main] DEBUG org.opensearch.common.util.concurrent.QueueResizingOpenSearchThreadPoolExecutor - thread pool [test/search] will adjust queue by [50] when determining automatic queue size
2022-02-03 10:30:54.197 [main] DEBUG org.opensearch.threadpool.ThreadPool - created thread pool: name [search], size [19], queue size [1k]
2022-02-03 10:30:54.197 [main] DEBUG org.opensearch.threadpool.ThreadPool - created thread pool: name [flush], core [1], max [5], keep alive [5m]
2022-02-03 10:30:54.198 [main] DEBUG org.opensearch.threadpool.ThreadPool - created thread pool: name [fetch_shard_store], core [1], max [24], keep alive [5m]
2022-02-03 10:30:54.198 [main] DEBUG org.opensearch.threadpool.ThreadPool - created thread pool: name [management], core [1], max [5], keep alive [5m]
2022-02-03 10:30:54.198 [main] DEBUG org.opensearch.threadpool.ThreadPool - created thread pool: name [get], size [12], queue size [1k]
2022-02-03 10:30:54.199 [main] DEBUG org.opensearch.threadpool.ThreadPool - created thread pool: name [analyze], size [1], queue size [16]
2022-02-03 10:30:54.199 [main] DEBUG org.opensearch.threadpool.ThreadPool - created thread pool: name [system_read], size [5], queue size [2k]
2022-02-03 10:30:54.199 [main] DEBUG org.opensearch.threadpool.ThreadPool - created thread pool: name [write], size [12], queue size [10k]
2022-02-03 10:30:54.200 [main] DEBUG org.opensearch.threadpool.ThreadPool - created thread pool: name [snapshot], core [1], max [5], keep alive [5m]
2022-02-03 10:30:54.200 [main] DEBUG org.opensearch.common.util.concurrent.QueueResizingOpenSearchThreadPoolExecutor - thread pool [test/search_throttled] will adjust queue by [50] when determining automatic queue size
2022-02-03 10:30:54.200 [main] DEBUG org.opensearch.threadpool.ThreadPool - created thread pool: name [search_throttled], size [1], queue size [100]
2022-02-03 10:30:54.213 [main] DEBUG io.netty.channel.MultithreadEventLoopGroup - -Dio.netty.eventLoopThreads: 24
2022-02-03 10:30:54.228 [main] DEBUG io.netty.util.internal.InternalThreadLocalMap - -Dio.netty.threadLocalMap.stringBuilder.initialSize: 1024
2022-02-03 10:30:54.228 [main] DEBUG io.netty.util.internal.InternalThreadLocalMap - -Dio.netty.threadLocalMap.stringBuilder.maxSize: 4096
2022-02-03 10:30:54.234 [main] DEBUG io.netty.channel.nio.NioEventLoop - -Dio.netty.noKeySetOptimization: false
2022-02-03 10:30:54.234 [main] DEBUG io.netty.channel.nio.NioEventLoop - -Dio.netty.selectorAutoRebuildThreshold: 512
2022-02-03 10:30:54.240 [main] DEBUG io.netty.util.internal.PlatformDependent - org.jctools-core.MpscChunkedArrayQueue: available
2022-02-03 10:30:54.251 [main] DEBUG IndependentPlugin - using profile[default], worker_count[12], port[3333], bind_host[[]], publish_host[[]], receive_predictor[64kb->64kb]
2022-02-03 10:30:54.272 [main] DEBUG io.netty.util.ResourceLeakDetector - -Dio.netty.leakDetection.level: simple
2022-02-03 10:30:54.272 [main] DEBUG io.netty.util.ResourceLeakDetector - -Dio.netty.leakDetection.targetRecords: 4
2022-02-03 10:30:54.274 [main] DEBUG io.netty.buffer.PooledByteBufAllocator - -Dio.netty.allocator.numHeapArenas: 24
2022-02-03 10:30:54.274 [main] DEBUG io.netty.buffer.PooledByteBufAllocator - -Dio.netty.allocator.numDirectArenas: 24
2022-02-03 10:30:54.274 [main] DEBUG io.netty.buffer.PooledByteBufAllocator - -Dio.netty.allocator.pageSize: 8192
2022-02-03 10:30:54.274 [main] DEBUG io.netty.buffer.PooledByteBufAllocator - -Dio.netty.allocator.maxOrder: 11
2022-02-03 10:30:54.274 [main] DEBUG io.netty.buffer.PooledByteBufAllocator - -Dio.netty.allocator.chunkSize: 16777216
2022-02-03 10:30:54.274 [main] DEBUG io.netty.buffer.PooledByteBufAllocator - -Dio.netty.allocator.smallCacheSize: 256
2022-02-03 10:30:54.274 [main] DEBUG io.netty.buffer.PooledByteBufAllocator - -Dio.netty.allocator.normalCacheSize: 64
2022-02-03 10:30:54.274 [main] DEBUG io.netty.buffer.PooledByteBufAllocator - -Dio.netty.allocator.maxCachedBufferCapacity: 32768
2022-02-03 10:30:54.274 [main] DEBUG io.netty.buffer.PooledByteBufAllocator - -Dio.netty.allocator.cacheTrimInterval: 8192
2022-02-03 10:30:54.275 [main] DEBUG io.netty.buffer.PooledByteBufAllocator - -Dio.netty.allocator.cacheTrimIntervalMillis: 0
2022-02-03 10:30:54.275 [main] DEBUG io.netty.buffer.PooledByteBufAllocator - -Dio.netty.allocator.useCacheForAllThreads: true
2022-02-03 10:30:54.275 [main] DEBUG io.netty.buffer.PooledByteBufAllocator - -Dio.netty.allocator.maxCachedByteBuffersPerChunk: 1023
2022-02-03 10:30:54.303 [main] DEBUG IndependentPlugin - binding server bootstrap to: [::1, 127.0.0.1]
2022-02-03 10:30:54.325 [main] DEBUG io.netty.channel.DefaultChannelId - -Dio.netty.processId: 99431 (auto-detected)
2022-02-03 10:30:54.327 [main] DEBUG io.netty.util.NetUtil - -Djava.net.preferIPv4Stack: false
2022-02-03 10:30:54.328 [main] DEBUG io.netty.util.NetUtil - -Djava.net.preferIPv6Addresses: false
2022-02-03 10:30:54.331 [main] DEBUG io.netty.util.NetUtilInitializations - Loopback interface: lo0 (lo0, 0:0:0:0:0:0:0:1%lo0)
2022-02-03 10:30:54.331 [main] DEBUG io.netty.util.NetUtil - Failed to get SOMAXCONN from sysctl and file /proc/sys/net/core/somaxconn. Default: 128
2022-02-03 10:30:54.334 [main] DEBUG io.netty.channel.DefaultChannelId - -Dio.netty.machineId: 88:66:5a:ff:fe:37:c9:4e (auto-detected)
2022-02-03 10:30:54.359 [main] DEBUG io.netty.buffer.ByteBufUtil - -Dio.netty.allocator.type: pooled
2022-02-03 10:30:54.359 [main] DEBUG io.netty.buffer.ByteBufUtil - -Dio.netty.threadLocalDirectBufferSize: 0
2022-02-03 10:30:54.359 [main] DEBUG io.netty.buffer.ByteBufUtil - -Dio.netty.maxThreadLocalCharBufferSize: 16384
2022-02-03 10:30:54.380 [main] DEBUG IndependentPlugin - Bound profile [default] to address {[::1]:3333}
2022-02-03 10:30:54.381 [main] DEBUG IndependentPlugin - Bound profile [default] to address {127.0.0.1:3333}
2022-02-03 10:30:54.384 [main] DEBUG IndependentPlugin - using profile[test], worker_count[12], port[5555], bind_host[[]], publish_host[[]], receive_predictor[64kb->64kb]
2022-02-03 10:30:54.385 [main] DEBUG IndependentPlugin - binding server bootstrap to: [::1, 127.0.0.1]
2022-02-03 10:30:54.387 [main] DEBUG IndependentPlugin - Bound profile [test] to address {[::1]:5555}
2022-02-03 10:30:54.388 [main] DEBUG IndependentPlugin - Bound profile [test] to address {127.0.0.1:5555}
2022-02-03 12:54:07.646 [main] DEBUG io.netty.util.internal.logging.InternalLoggerFactory - Using Log4J2 as the default logging framework
2022-02-03 12:54:07.653 [main] DEBUG io.netty.util.internal.PlatformDependent0 - -Dio.netty.noUnsafe: false
2022-02-03 12:54:07.653 [main] DEBUG io.netty.util.internal.PlatformDependent0 - Java version: 14
2022-02-03 12:54:07.655 [main] DEBUG io.netty.util.internal.PlatformDependent0 - sun.misc.Unsafe.theUnsafe: available
2022-02-03 12:54:07.656 [main] DEBUG io.netty.util.internal.PlatformDependent0 - sun.misc.Unsafe.copyMemory: available
2022-02-03 12:54:07.656 [main] DEBUG io.netty.util.internal.PlatformDependent0 - java.nio.Buffer.address: available
2022-02-03 12:54:07.657 [main] DEBUG io.netty.util.internal.PlatformDependent0 - direct buffer constructor: unavailable: Reflective setAccessible(true) disabled
2022-02-03 12:54:07.658 [main] DEBUG io.netty.util.internal.PlatformDependent0 - java.nio.Bits.unaligned: available, true
2022-02-03 12:54:07.659 [main] DEBUG io.netty.util.internal.PlatformDependent0 - jdk.internal.misc.Unsafe.allocateUninitializedArray(int): unavailable: class io.netty.util.internal.PlatformDependent0$6 cannot access class jdk.internal.misc.Unsafe (in module java.base) because module java.base does not export jdk.internal.misc to unnamed module @31920ade
2022-02-03 12:54:07.660 [main] DEBUG io.netty.util.internal.PlatformDependent0 - java.nio.DirectByteBuffer.<init>(long, int): unavailable
2022-02-03 12:54:07.661 [main] DEBUG io.netty.util.internal.PlatformDependent - sun.misc.Unsafe: available
2022-02-03 12:54:07.661 [main] DEBUG io.netty.util.internal.PlatformDependent - maxDirectMemory: 4294967296 bytes (maybe)
2022-02-03 12:54:07.662 [main] DEBUG io.netty.util.internal.PlatformDependent - -Dio.netty.tmpdir: /var/folders/5j/c7kjyy2j33nc2j6gjbtmskgr0000gs/T (java.io.tmpdir)
2022-02-03 12:54:07.662 [main] DEBUG io.netty.util.internal.PlatformDependent - -Dio.netty.bitMode: 64 (sun.arch.data.model)
2022-02-03 12:54:07.663 [main] DEBUG io.netty.util.internal.PlatformDependent - Platform: MacOS
2022-02-03 12:54:07.664 [main] DEBUG io.netty.util.internal.PlatformDependent - -Dio.netty.maxDirectMemory: -1 bytes
2022-02-03 12:54:07.664 [main] DEBUG io.netty.util.internal.PlatformDependent - -Dio.netty.uninitializedArrayAllocationThreshold: -1
2022-02-03 12:54:07.665 [main] DEBUG io.netty.util.internal.CleanerJava9 - java.nio.ByteBuffer.cleaner(): available
2022-02-03 12:54:07.666 [main] DEBUG io.netty.util.internal.PlatformDependent - -Dio.netty.noPreferDirect: false
2022-02-03 12:54:07.701 [main] DEBUG org.opensearch.threadpool.ThreadPool - created thread pool: name [force_merge], size [1], queue size [unbounded]
2022-02-03 12:54:07.702 [main] DEBUG org.opensearch.threadpool.ThreadPool - created thread pool: name [fetch_shard_started], core [1], max [24], keep alive [5m]
2022-02-03 12:54:07.703 [main] DEBUG org.opensearch.threadpool.ThreadPool - created thread pool: name [listener], size [6], queue size [unbounded]
2022-02-03 12:54:07.703 [main] DEBUG org.opensearch.threadpool.ThreadPool - created thread pool: name [refresh], core [1], max [6], keep alive [5m]
2022-02-03 12:54:07.707 [main] DEBUG org.opensearch.threadpool.ThreadPool - created thread pool: name [system_write], size [5], queue size [1k]
2022-02-03 12:54:07.708 [main] DEBUG org.opensearch.threadpool.ThreadPool - created thread pool: name [generic], core [4], max [128], keep alive [30s]
2022-02-03 12:54:07.708 [main] DEBUG org.opensearch.threadpool.ThreadPool - created thread pool: name [warmer], core [1], max [5], keep alive [5m]
2022-02-03 12:54:07.710 [main] DEBUG org.opensearch.common.util.concurrent.QueueResizingOpenSearchThreadPoolExecutor - thread pool [test/search] will adjust queue by [50] when determining automatic queue size
2022-02-03 12:54:07.710 [main] DEBUG org.opensearch.threadpool.ThreadPool - created thread pool: name [search], size [19], queue size [1k]
2022-02-03 12:54:07.710 [main] DEBUG org.opensearch.threadpool.ThreadPool - created thread pool: name [flush], core [1], max [5], keep alive [5m]
2022-02-03 12:54:07.711 [main] DEBUG org.opensearch.threadpool.ThreadPool - created thread pool: name [fetch_shard_store], core [1], max [24], keep alive [5m]
2022-02-03 12:54:07.711 [main] DEBUG org.opensearch.threadpool.ThreadPool - created thread pool: name [management], core [1], max [5], keep alive [5m]
2022-02-03 12:54:07.711 [main] DEBUG org.opensearch.threadpool.ThreadPool - created thread pool: name [get], size [12], queue size [1k]
2022-02-03 12:54:07.711 [main] DEBUG org.opensearch.threadpool.ThreadPool - created thread pool: name [analyze], size [1], queue size [16]
2022-02-03 12:54:07.712 [main] DEBUG org.opensearch.threadpool.ThreadPool - created thread pool: name [system_read], size [5], queue size [2k]
2022-02-03 12:54:07.712 [main] DEBUG org.opensearch.threadpool.ThreadPool - created thread pool: name [write], size [12], queue size [10k]
2022-02-03 12:54:07.712 [main] DEBUG org.opensearch.threadpool.ThreadPool - created thread pool: name [snapshot], core [1], max [5], keep alive [5m]
2022-02-03 12:54:07.712 [main] DEBUG org.opensearch.common.util.concurrent.QueueResizingOpenSearchThreadPoolExecutor - thread pool [test/search_throttled] will adjust queue by [50] when determining automatic queue size
2022-02-03 12:54:07.713 [main] DEBUG org.opensearch.threadpool.ThreadPool - created thread pool: name [search_throttled], size [1], queue size [100]
2022-02-03 12:54:07.727 [main] DEBUG io.netty.channel.MultithreadEventLoopGroup - -Dio.netty.eventLoopThreads: 24
2022-02-03 12:54:07.747 [main] DEBUG io.netty.util.internal.InternalThreadLocalMap - -Dio.netty.threadLocalMap.stringBuilder.initialSize: 1024
2022-02-03 12:54:07.748 [main] DEBUG io.netty.util.internal.InternalThreadLocalMap - -Dio.netty.threadLocalMap.stringBuilder.maxSize: 4096
2022-02-03 12:54:07.754 [main] DEBUG io.netty.channel.nio.NioEventLoop - -Dio.netty.noKeySetOptimization: false
2022-02-03 12:54:07.755 [main] DEBUG io.netty.channel.nio.NioEventLoop - -Dio.netty.selectorAutoRebuildThreshold: 512
2022-02-03 12:54:07.761 [main] DEBUG io.netty.util.internal.PlatformDependent - org.jctools-core.MpscChunkedArrayQueue: available
2022-02-03 12:54:07.772 [main] DEBUG IndependentPlugin - using profile[default], worker_count[12], port[3333], bind_host[[]], publish_host[[]], receive_predictor[64kb->64kb]
2022-02-03 12:54:07.799 [main] DEBUG io.netty.util.ResourceLeakDetector - -Dio.netty.leakDetection.level: simple
2022-02-03 12:54:07.799 [main] DEBUG io.netty.util.ResourceLeakDetector - -Dio.netty.leakDetection.targetRecords: 4
2022-02-03 12:54:07.802 [main] DEBUG io.netty.buffer.PooledByteBufAllocator - -Dio.netty.allocator.numHeapArenas: 24
2022-02-03 12:54:07.802 [main] DEBUG io.netty.buffer.PooledByteBufAllocator - -Dio.netty.allocator.numDirectArenas: 24
2022-02-03 12:54:07.802 [main] DEBUG io.netty.buffer.PooledByteBufAllocator - -Dio.netty.allocator.pageSize: 8192
2022-02-03 12:54:07.802 [main] DEBUG io.netty.buffer.PooledByteBufAllocator - -Dio.netty.allocator.maxOrder: 11
2022-02-03 12:54:07.802 [main] DEBUG io.netty.buffer.PooledByteBufAllocator - -Dio.netty.allocator.chunkSize: 16777216
2022-02-03 12:54:07.802 [main] DEBUG io.netty.buffer.PooledByteBufAllocator - -Dio.netty.allocator.smallCacheSize: 256
2022-02-03 12:54:07.802 [main] DEBUG io.netty.buffer.PooledByteBufAllocator - -Dio.netty.allocator.normalCacheSize: 64
2022-02-03 12:54:07.803 [main] DEBUG io.netty.buffer.PooledByteBufAllocator - -Dio.netty.allocator.maxCachedBufferCapacity: 32768
2022-02-03 12:54:07.803 [main] DEBUG io.netty.buffer.PooledByteBufAllocator - -Dio.netty.allocator.cacheTrimInterval: 8192
2022-02-03 12:54:07.803 [main] DEBUG io.netty.buffer.PooledByteBufAllocator - -Dio.netty.allocator.cacheTrimIntervalMillis: 0
2022-02-03 12:54:07.803 [main] DEBUG io.netty.buffer.PooledByteBufAllocator - -Dio.netty.allocator.useCacheForAllThreads: true
2022-02-03 12:54:07.803 [main] DEBUG io.netty.buffer.PooledByteBufAllocator - -Dio.netty.allocator.maxCachedByteBuffersPerChunk: 1023
2022-02-03 12:54:07.841 [main] DEBUG IndependentPlugin - binding server bootstrap to: [::1, 127.0.0.1]
2022-02-03 12:54:07.862 [main] DEBUG io.netty.channel.DefaultChannelId - -Dio.netty.processId: 11873 (auto-detected)
2022-02-03 12:54:07.864 [main] DEBUG io.netty.util.NetUtil - -Djava.net.preferIPv4Stack: false
2022-02-03 12:54:07.864 [main] DEBUG io.netty.util.NetUtil - -Djava.net.preferIPv6Addresses: false
2022-02-03 12:54:07.867 [main] DEBUG io.netty.util.NetUtilInitializations - Loopback interface: lo0 (lo0, 0:0:0:0:0:0:0:1%lo0)
2022-02-03 12:54:07.868 [main] DEBUG io.netty.util.NetUtil - Failed to get SOMAXCONN from sysctl and file /proc/sys/net/core/somaxconn. Default: 128
2022-02-03 12:54:07.870 [main] DEBUG io.netty.channel.DefaultChannelId - -Dio.netty.machineId: 88:66:5a:ff:fe:37:c9:4e (auto-detected)
2022-02-03 12:54:07.895 [main] DEBUG io.netty.buffer.ByteBufUtil - -Dio.netty.allocator.type: pooled
2022-02-03 12:54:07.895 [main] DEBUG io.netty.buffer.ByteBufUtil - -Dio.netty.threadLocalDirectBufferSize: 0
2022-02-03 12:54:07.895 [main] DEBUG io.netty.buffer.ByteBufUtil - -Dio.netty.maxThreadLocalCharBufferSize: 16384
2022-02-03 12:54:07.915 [main] DEBUG IndependentPlugin - Bound profile [default] to address {[::1]:3333}
2022-02-03 12:54:07.916 [main] DEBUG IndependentPlugin - Bound profile [default] to address {127.0.0.1:3333}
2022-02-03 12:54:07.918 [main] DEBUG IndependentPlugin - using profile[test], worker_count[12], port[5555], bind_host[[]], publish_host[[]], receive_predictor[64kb->64kb]
2022-02-03 12:54:07.920 [main] DEBUG IndependentPlugin - binding server bootstrap to: [::1, 127.0.0.1]
2022-02-03 12:54:07.921 [main] DEBUG IndependentPlugin - Bound profile [test] to address {[::1]:5555}
2022-02-03 12:54:07.922 [main] DEBUG IndependentPlugin - Bound profile [test] to address {127.0.0.1:5555}
2022-02-03 15:22:56.351 [main] DEBUG io.netty.util.internal.logging.InternalLoggerFactory - Using Log4J2 as the default logging framework
2022-02-03 15:22:56.361 [main] DEBUG io.netty.util.internal.PlatformDependent0 - -Dio.netty.noUnsafe: false
2022-02-03 15:22:56.361 [main] DEBUG io.netty.util.internal.PlatformDependent0 - Java version: 14
2022-02-03 15:22:56.363 [main] DEBUG io.netty.util.internal.PlatformDependent0 - sun.misc.Unsafe.theUnsafe: available
2022-02-03 15:22:56.364 [main] DEBUG io.netty.util.internal.PlatformDependent0 - sun.misc.Unsafe.copyMemory: available
2022-02-03 15:22:56.365 [main] DEBUG io.netty.util.internal.PlatformDependent0 - java.nio.Buffer.address: available
2022-02-03 15:22:56.366 [main] DEBUG io.netty.util.internal.PlatformDependent0 - direct buffer constructor: unavailable: Reflective setAccessible(true) disabled
2022-02-03 15:22:56.367 [main] DEBUG io.netty.util.internal.PlatformDependent0 - java.nio.Bits.unaligned: available, true
2022-02-03 15:22:56.368 [main] DEBUG io.netty.util.internal.PlatformDependent0 - jdk.internal.misc.Unsafe.allocateUninitializedArray(int): unavailable: class io.netty.util.internal.PlatformDependent0$6 cannot access class jdk.internal.misc.Unsafe (in module java.base) because module java.base does not export jdk.internal.misc to unnamed module @b83a9be
2022-02-03 15:22:56.370 [main] DEBUG io.netty.util.internal.PlatformDependent0 - java.nio.DirectByteBuffer.<init>(long, int): unavailable
2022-02-03 15:22:56.370 [main] DEBUG io.netty.util.internal.PlatformDependent - sun.misc.Unsafe: available
2022-02-03 15:22:56.371 [main] DEBUG io.netty.util.internal.PlatformDependent - maxDirectMemory: 4294967296 bytes (maybe)
2022-02-03 15:22:56.371 [main] DEBUG io.netty.util.internal.PlatformDependent - -Dio.netty.tmpdir: /var/folders/5j/c7kjyy2j33nc2j6gjbtmskgr0000gs/T (java.io.tmpdir)
2022-02-03 15:22:56.371 [main] DEBUG io.netty.util.internal.PlatformDependent - -Dio.netty.bitMode: 64 (sun.arch.data.model)
2022-02-03 15:22:56.372 [main] DEBUG io.netty.util.internal.PlatformDependent - Platform: MacOS
2022-02-03 15:22:56.373 [main] DEBUG io.netty.util.internal.PlatformDependent - -Dio.netty.maxDirectMemory: -1 bytes
2022-02-03 15:22:56.373 [main] DEBUG io.netty.util.internal.PlatformDependent - -Dio.netty.uninitializedArrayAllocationThreshold: -1
2022-02-03 15:22:56.374 [main] DEBUG io.netty.util.internal.CleanerJava9 - java.nio.ByteBuffer.cleaner(): available
2022-02-03 15:22:56.374 [main] DEBUG io.netty.util.internal.PlatformDependent - -Dio.netty.noPreferDirect: false
2022-02-03 15:22:56.420 [main] DEBUG org.opensearch.threadpool.ThreadPool - created thread pool: name [force_merge], size [1], queue size [unbounded]
2022-02-03 15:22:56.422 [main] DEBUG org.opensearch.threadpool.ThreadPool - created thread pool: name [fetch_shard_started], core [1], max [24], keep alive [5m]
2022-02-03 15:22:56.422 [main] DEBUG org.opensearch.threadpool.ThreadPool - created thread pool: name [listener], size [6], queue size [unbounded]
2022-02-03 15:22:56.422 [main] DEBUG org.opensearch.threadpool.ThreadPool - created thread pool: name [refresh], core [1], max [6], keep alive [5m]
2022-02-03 15:22:56.425 [main] DEBUG org.opensearch.threadpool.ThreadPool - created thread pool: name [system_write], size [5], queue size [1k]
2022-02-03 15:22:56.426 [main] DEBUG org.opensearch.threadpool.ThreadPool - created thread pool: name [generic], core [4], max [128], keep alive [30s]
2022-02-03 15:22:56.426 [main] DEBUG org.opensearch.threadpool.ThreadPool - created thread pool: name [warmer], core [1], max [5], keep alive [5m]
2022-02-03 15:22:56.428 [main] DEBUG org.opensearch.common.util.concurrent.QueueResizingOpenSearchThreadPoolExecutor - thread pool [test/search] will adjust queue by [50] when determining automatic queue size
2022-02-03 15:22:56.428 [main] DEBUG org.opensearch.threadpool.ThreadPool - created thread pool: name [search], size [19], queue size [1k]
2022-02-03 15:22:56.429 [main] DEBUG org.opensearch.threadpool.ThreadPool - created thread pool: name [flush], core [1], max [5], keep alive [5m]
2022-02-03 15:22:56.429 [main] DEBUG org.opensearch.threadpool.ThreadPool - created thread pool: name [fetch_shard_store], core [1], max [24], keep alive [5m]
2022-02-03 15:22:56.429 [main] DEBUG org.opensearch.threadpool.ThreadPool - created thread pool: name [management], core [1], max [5], keep alive [5m]
2022-02-03 15:22:56.430 [main] DEBUG org.opensearch.threadpool.ThreadPool - created thread pool: name [get], size [12], queue size [1k]
2022-02-03 15:22:56.430 [main] DEBUG org.opensearch.threadpool.ThreadPool - created thread pool: name [analyze], size [1], queue size [16]
2022-02-03 15:22:56.430 [main] DEBUG org.opensearch.threadpool.ThreadPool - created thread pool: name [system_read], size [5], queue size [2k]
2022-02-03 15:22:56.430 [main] DEBUG org.opensearch.threadpool.ThreadPool - created thread pool: name [write], size [12], queue size [10k]
2022-02-03 15:22:56.431 [main] DEBUG org.opensearch.threadpool.ThreadPool - created thread pool: name [snapshot], core [1], max [5], keep alive [5m]
2022-02-03 15:22:56.431 [main] DEBUG org.opensearch.common.util.concurrent.QueueResizingOpenSearchThreadPoolExecutor - thread pool [test/search_throttled] will adjust queue by [50] when determining automatic queue size
2022-02-03 15:22:56.431 [main] DEBUG org.opensearch.threadpool.ThreadPool - created thread pool: name [search_throttled], size [1], queue size [100]
2022-02-03 15:22:56.440 [main] DEBUG io.netty.channel.MultithreadEventLoopGroup - -Dio.netty.eventLoopThreads: 24
2022-02-03 15:22:56.463 [main] DEBUG io.netty.util.internal.InternalThreadLocalMap - -Dio.netty.threadLocalMap.stringBuilder.initialSize: 1024
2022-02-03 15:22:56.463 [main] DEBUG io.netty.util.internal.InternalThreadLocalMap - -Dio.netty.threadLocalMap.stringBuilder.maxSize: 4096
2022-02-03 15:22:56.470 [main] DEBUG io.netty.channel.nio.NioEventLoop - -Dio.netty.noKeySetOptimization: false
2022-02-03 15:22:56.470 [main] DEBUG io.netty.channel.nio.NioEventLoop - -Dio.netty.selectorAutoRebuildThreshold: 512
2022-02-03 15:22:56.477 [main] DEBUG io.netty.util.internal.PlatformDependent - org.jctools-core.MpscChunkedArrayQueue: available
2022-02-03 15:22:56.486 [main] DEBUG IndependentPlugin - using profile[default], worker_count[12], port[3333], bind_host[[]], publish_host[[]], receive_predictor[64kb->64kb]
2022-02-03 15:22:56.512 [main] DEBUG io.netty.util.ResourceLeakDetector - -Dio.netty.leakDetection.level: simple
2022-02-03 15:22:56.513 [main] DEBUG io.netty.util.ResourceLeakDetector - -Dio.netty.leakDetection.targetRecords: 4
2022-02-03 15:22:56.516 [main] DEBUG io.netty.buffer.PooledByteBufAllocator - -Dio.netty.allocator.numHeapArenas: 24
2022-02-03 15:22:56.516 [main] DEBUG io.netty.buffer.PooledByteBufAllocator - -Dio.netty.allocator.numDirectArenas: 24
2022-02-03 15:22:56.516 [main] DEBUG io.netty.buffer.PooledByteBufAllocator - -Dio.netty.allocator.pageSize: 8192
2022-02-03 15:22:56.516 [main] DEBUG io.netty.buffer.PooledByteBufAllocator - -Dio.netty.allocator.maxOrder: 11
2022-02-03 15:22:56.518 [main] DEBUG io.netty.buffer.PooledByteBufAllocator - -Dio.netty.allocator.chunkSize: 16777216
2022-02-03 15:22:56.518 [main] DEBUG io.netty.buffer.PooledByteBufAllocator - -Dio.netty.allocator.smallCacheSize: 256
2022-02-03 15:22:56.518 [main] DEBUG io.netty.buffer.PooledByteBufAllocator - -Dio.netty.allocator.normalCacheSize: 64
2022-02-03 15:22:56.518 [main] DEBUG io.netty.buffer.PooledByteBufAllocator - -Dio.netty.allocator.maxCachedBufferCapacity: 32768
2022-02-03 15:22:56.519 [main] DEBUG io.netty.buffer.PooledByteBufAllocator - -Dio.netty.allocator.cacheTrimInterval: 8192
2022-02-03 15:22:56.519 [main] DEBUG io.netty.buffer.PooledByteBufAllocator - -Dio.netty.allocator.cacheTrimIntervalMillis: 0
2022-02-03 15:22:56.519 [main] DEBUG io.netty.buffer.PooledByteBufAllocator - -Dio.netty.allocator.useCacheForAllThreads: true
2022-02-03 15:22:56.519 [main] DEBUG io.netty.buffer.PooledByteBufAllocator - -Dio.netty.allocator.maxCachedByteBuffersPerChunk: 1023
2022-02-03 15:22:56.554 [main] DEBUG IndependentPlugin - binding server bootstrap to: [::1, 127.0.0.1]
2022-02-03 15:22:56.575 [main] DEBUG io.netty.channel.DefaultChannelId - -Dio.netty.processId: 23813 (auto-detected)
2022-02-03 15:22:56.577 [main] DEBUG io.netty.util.NetUtil - -Djava.net.preferIPv4Stack: false
2022-02-03 15:22:56.577 [main] DEBUG io.netty.util.NetUtil - -Djava.net.preferIPv6Addresses: false
2022-02-03 15:22:56.580 [main] DEBUG io.netty.util.NetUtilInitializations - Loopback interface: lo0 (lo0, 0:0:0:0:0:0:0:1%lo0)
2022-02-03 15:22:56.583 [main] DEBUG io.netty.util.NetUtil - Failed to get SOMAXCONN from sysctl and file /proc/sys/net/core/somaxconn. Default: 128
2022-02-03 15:22:56.585 [main] DEBUG io.netty.channel.DefaultChannelId - -Dio.netty.machineId: 88:66:5a:ff:fe:37:c9:4e (auto-detected)
2022-02-03 15:22:56.614 [main] DEBUG io.netty.buffer.ByteBufUtil - -Dio.netty.allocator.type: pooled
2022-02-03 15:22:56.614 [main] DEBUG io.netty.buffer.ByteBufUtil - -Dio.netty.threadLocalDirectBufferSize: 0
2022-02-03 15:22:56.614 [main] DEBUG io.netty.buffer.ByteBufUtil - -Dio.netty.maxThreadLocalCharBufferSize: 16384
2022-02-03 15:22:56.636 [main] DEBUG IndependentPlugin - Bound profile [default] to address {[::1]:3333}
2022-02-03 15:22:56.638 [main] DEBUG IndependentPlugin - Bound profile [default] to address {127.0.0.1:3333}
2022-02-03 15:22:56.640 [main] DEBUG IndependentPlugin - using profile[test], worker_count[12], port[5555], bind_host[[]], publish_host[[]], receive_predictor[64kb->64kb]
2022-02-03 15:22:56.641 [main] DEBUG IndependentPlugin - binding server bootstrap to: [::1, 127.0.0.1]
2022-02-03 15:22:56.642 [main] DEBUG IndependentPlugin - Bound profile [test] to address {[::1]:5555}
2022-02-03 15:22:56.643 [main] DEBUG IndependentPlugin - Bound profile [test] to address {127.0.0.1:5555}
2022-02-03 15:24:23.490 [main] DEBUG io.netty.util.internal.logging.InternalLoggerFactory - Using Log4J2 as the default logging framework
2022-02-03 15:24:23.497 [main] DEBUG io.netty.util.internal.PlatformDependent0 - -Dio.netty.noUnsafe: false
2022-02-03 15:24:23.497 [main] DEBUG io.netty.util.internal.PlatformDependent0 - Java version: 14
2022-02-03 15:24:23.499 [main] DEBUG io.netty.util.internal.PlatformDependent0 - sun.misc.Unsafe.theUnsafe: available
2022-02-03 15:24:23.499 [main] DEBUG io.netty.util.internal.PlatformDependent0 - sun.misc.Unsafe.copyMemory: available
2022-02-03 15:24:23.500 [main] DEBUG io.netty.util.internal.PlatformDependent0 - java.nio.Buffer.address: available
2022-02-03 15:24:23.501 [main] DEBUG io.netty.util.internal.PlatformDependent0 - direct buffer constructor: unavailable: Reflective setAccessible(true) disabled
2022-02-03 15:24:23.501 [main] DEBUG io.netty.util.internal.PlatformDependent0 - java.nio.Bits.unaligned: available, true
2022-02-03 15:24:23.502 [main] DEBUG io.netty.util.internal.PlatformDependent0 - jdk.internal.misc.Unsafe.allocateUninitializedArray(int): unavailable: class io.netty.util.internal.PlatformDependent0$6 cannot access class jdk.internal.misc.Unsafe (in module java.base) because module java.base does not export jdk.internal.misc to unnamed module @b83a9be
2022-02-03 15:24:23.503 [main] DEBUG io.netty.util.internal.PlatformDependent0 - java.nio.DirectByteBuffer.<init>(long, int): unavailable
2022-02-03 15:24:23.504 [main] DEBUG io.netty.util.internal.PlatformDependent - sun.misc.Unsafe: available
2022-02-03 15:24:23.504 [main] DEBUG io.netty.util.internal.PlatformDependent - maxDirectMemory: 4294967296 bytes (maybe)
2022-02-03 15:24:23.505 [main] DEBUG io.netty.util.internal.PlatformDependent - -Dio.netty.tmpdir: /var/folders/5j/c7kjyy2j33nc2j6gjbtmskgr0000gs/T (java.io.tmpdir)
2022-02-03 15:24:23.505 [main] DEBUG io.netty.util.internal.PlatformDependent - -Dio.netty.bitMode: 64 (sun.arch.data.model)
2022-02-03 15:24:23.506 [main] DEBUG io.netty.util.internal.PlatformDependent - Platform: MacOS
2022-02-03 15:24:23.506 [main] DEBUG io.netty.util.internal.PlatformDependent - -Dio.netty.maxDirectMemory: -1 bytes
2022-02-03 15:24:23.506 [main] DEBUG io.netty.util.internal.PlatformDependent - -Dio.netty.uninitializedArrayAllocationThreshold: -1
2022-02-03 15:24:23.507 [main] DEBUG io.netty.util.internal.CleanerJava9 - java.nio.ByteBuffer.cleaner(): available
2022-02-03 15:24:23.507 [main] DEBUG io.netty.util.internal.PlatformDependent - -Dio.netty.noPreferDirect: false
2022-02-03 15:24:23.558 [main] DEBUG org.opensearch.threadpool.ThreadPool - created thread pool: name [force_merge], size [1], queue size [unbounded]
2022-02-03 15:24:23.559 [main] DEBUG org.opensearch.threadpool.ThreadPool - created thread pool: name [fetch_shard_started], core [1], max [24], keep alive [5m]
2022-02-03 15:24:23.559 [main] DEBUG org.opensearch.threadpool.ThreadPool - created thread pool: name [listener], size [6], queue size [unbounded]
2022-02-03 15:24:23.560 [main] DEBUG org.opensearch.threadpool.ThreadPool - created thread pool: name [refresh], core [1], max [6], keep alive [5m]
2022-02-03 15:24:23.563 [main] DEBUG org.opensearch.threadpool.ThreadPool - created thread pool: name [system_write], size [5], queue size [1k]
2022-02-03 15:24:23.563 [main] DEBUG org.opensearch.threadpool.ThreadPool - created thread pool: name [generic], core [4], max [128], keep alive [30s]
2022-02-03 15:24:23.564 [main] DEBUG org.opensearch.threadpool.ThreadPool - created thread pool: name [warmer], core [1], max [5], keep alive [5m]
2022-02-03 15:24:23.566 [main] DEBUG org.opensearch.common.util.concurrent.QueueResizingOpenSearchThreadPoolExecutor - thread pool [test/search] will adjust queue by [50] when determining automatic queue size
2022-02-03 15:24:23.566 [main] DEBUG org.opensearch.threadpool.ThreadPool - created thread pool: name [search], size [19], queue size [1k]
2022-02-03 15:24:23.566 [main] DEBUG org.opensearch.threadpool.ThreadPool - created thread pool: name [flush], core [1], max [5], keep alive [5m]
2022-02-03 15:24:23.567 [main] DEBUG org.opensearch.threadpool.ThreadPool - created thread pool: name [fetch_shard_store], core [1], max [24], keep alive [5m]
2022-02-03 15:24:23.567 [main] DEBUG org.opensearch.threadpool.ThreadPool - created thread pool: name [management], core [1], max [5], keep alive [5m]
2022-02-03 15:24:23.567 [main] DEBUG org.opensearch.threadpool.ThreadPool - created thread pool: name [get], size [12], queue size [1k]
2022-02-03 15:24:23.567 [main] DEBUG org.opensearch.threadpool.ThreadPool - created thread pool: name [analyze], size [1], queue size [16]
2022-02-03 15:24:23.568 [main] DEBUG org.opensearch.threadpool.ThreadPool - created thread pool: name [system_read], size [5], queue size [2k]
2022-02-03 15:24:23.568 [main] DEBUG org.opensearch.threadpool.ThreadPool - created thread pool: name [write], size [12], queue size [10k]
2022-02-03 15:24:23.568 [main] DEBUG org.opensearch.threadpool.ThreadPool - created thread pool: name [snapshot], core [1], max [5], keep alive [5m]
2022-02-03 15:24:23.568 [main] DEBUG org.opensearch.common.util.concurrent.QueueResizingOpenSearchThreadPoolExecutor - thread pool [test/search_throttled] will adjust queue by [50] when determining automatic queue size
2022-02-03 15:24:23.569 [main] DEBUG org.opensearch.threadpool.ThreadPool - created thread pool: name [search_throttled], size [1], queue size [100]
2022-02-03 15:24:23.577 [main] DEBUG io.netty.channel.MultithreadEventLoopGroup - -Dio.netty.eventLoopThreads: 24
2022-02-03 15:24:23.601 [main] DEBUG io.netty.util.internal.InternalThreadLocalMap - -Dio.netty.threadLocalMap.stringBuilder.initialSize: 1024
2022-02-03 15:24:23.601 [main] DEBUG io.netty.util.internal.InternalThreadLocalMap - -Dio.netty.threadLocalMap.stringBuilder.maxSize: 4096
2022-02-03 15:24:23.610 [main] DEBUG io.netty.channel.nio.NioEventLoop - -Dio.netty.noKeySetOptimization: false
2022-02-03 15:24:23.610 [main] DEBUG io.netty.channel.nio.NioEventLoop - -Dio.netty.selectorAutoRebuildThreshold: 512
2022-02-03 15:24:23.618 [main] DEBUG io.netty.util.internal.PlatformDependent - org.jctools-core.MpscChunkedArrayQueue: available
2022-02-03 15:24:23.634 [main] DEBUG IndependentPlugin - using profile[default], worker_count[12], port[3333], bind_host[[]], publish_host[[]], receive_predictor[64kb->64kb]
2022-02-03 15:24:23.664 [main] DEBUG io.netty.util.ResourceLeakDetector - -Dio.netty.leakDetection.level: simple
2022-02-03 15:24:23.664 [main] DEBUG io.netty.util.ResourceLeakDetector - -Dio.netty.leakDetection.targetRecords: 4
2022-02-03 15:24:23.666 [main] DEBUG io.netty.buffer.PooledByteBufAllocator - -Dio.netty.allocator.numHeapArenas: 24
2022-02-03 15:24:23.666 [main] DEBUG io.netty.buffer.PooledByteBufAllocator - -Dio.netty.allocator.numDirectArenas: 24
2022-02-03 15:24:23.666 [main] DEBUG io.netty.buffer.PooledByteBufAllocator - -Dio.netty.allocator.pageSize: 8192
2022-02-03 15:24:23.666 [main] DEBUG io.netty.buffer.PooledByteBufAllocator - -Dio.netty.allocator.maxOrder: 11
2022-02-03 15:24:23.666 [main] DEBUG io.netty.buffer.PooledByteBufAllocator - -Dio.netty.allocator.chunkSize: 16777216
2022-02-03 15:24:23.667 [main] DEBUG io.netty.buffer.PooledByteBufAllocator - -Dio.netty.allocator.smallCacheSize: 256
2022-02-03 15:24:23.667 [main] DEBUG io.netty.buffer.PooledByteBufAllocator - -Dio.netty.allocator.normalCacheSize: 64
2022-02-03 15:24:23.667 [main] DEBUG io.netty.buffer.PooledByteBufAllocator - -Dio.netty.allocator.maxCachedBufferCapacity: 32768
2022-02-03 15:24:23.667 [main] DEBUG io.netty.buffer.PooledByteBufAllocator - -Dio.netty.allocator.cacheTrimInterval: 8192
2022-02-03 15:24:23.667 [main] DEBUG io.netty.buffer.PooledByteBufAllocator - -Dio.netty.allocator.cacheTrimIntervalMillis: 0
2022-02-03 15:24:23.667 [main] DEBUG io.netty.buffer.PooledByteBufAllocator - -Dio.netty.allocator.useCacheForAllThreads: true
2022-02-03 15:24:23.667 [main] DEBUG io.netty.buffer.PooledByteBufAllocator - -Dio.netty.allocator.maxCachedByteBuffersPerChunk: 1023
2022-02-03 15:24:23.703 [main] DEBUG IndependentPlugin - binding server bootstrap to: [::1, 127.0.0.1]
2022-02-03 15:24:23.721 [main] DEBUG io.netty.channel.DefaultChannelId - -Dio.netty.processId: 24122 (auto-detected)
2022-02-03 15:24:23.722 [main] DEBUG io.netty.util.NetUtil - -Djava.net.preferIPv4Stack: false
2022-02-03 15:24:23.722 [main] DEBUG io.netty.util.NetUtil - -Djava.net.preferIPv6Addresses: false
2022-02-03 15:24:23.724 [main] DEBUG io.netty.util.NetUtilInitializations - Loopback interface: lo0 (lo0, 0:0:0:0:0:0:0:1%lo0)
2022-02-03 15:24:23.725 [main] DEBUG io.netty.util.NetUtil - Failed to get SOMAXCONN from sysctl and file /proc/sys/net/core/somaxconn. Default: 128
2022-02-03 15:24:23.727 [main] DEBUG io.netty.channel.DefaultChannelId - -Dio.netty.machineId: 88:66:5a:ff:fe:37:c9:4e (auto-detected)
2022-02-03 15:24:23.744 [main] DEBUG io.netty.buffer.ByteBufUtil - -Dio.netty.allocator.type: pooled
2022-02-03 15:24:23.744 [main] DEBUG io.netty.buffer.ByteBufUtil - -Dio.netty.threadLocalDirectBufferSize: 0
2022-02-03 15:24:23.744 [main] DEBUG io.netty.buffer.ByteBufUtil - -Dio.netty.maxThreadLocalCharBufferSize: 16384
2022-02-03 15:24:23.763 [main] DEBUG IndependentPlugin - Bound profile [default] to address {[::1]:3333}
2022-02-03 15:24:23.766 [main] DEBUG IndependentPlugin - Bound profile [default] to address {127.0.0.1:3333}
2022-02-03 15:24:23.773 [main] DEBUG IndependentPlugin - using profile[test], worker_count[12], port[5555], bind_host[[]], publish_host[[]], receive_predictor[64kb->64kb]
2022-02-03 15:24:23.775 [main] DEBUG IndependentPlugin - binding server bootstrap to: [::1, 127.0.0.1]
2022-02-03 15:24:23.779 [main] DEBUG IndependentPlugin - Bound profile [test] to address {[::1]:5555}
2022-02-03 15:24:23.780 [main] DEBUG IndependentPlugin - Bound profile [test] to address {127.0.0.1:5555}
