2022-02-04 09:55:37.293 [main] DEBUG io.netty.util.internal.logging.InternalLoggerFactory - Using Log4J2 as the default logging framework
2022-02-04 09:55:37.301 [main] DEBUG io.netty.util.internal.PlatformDependent0 - -Dio.netty.noUnsafe: false
2022-02-04 09:55:37.301 [main] DEBUG io.netty.util.internal.PlatformDependent0 - Java version: 14
2022-02-04 09:55:37.303 [main] DEBUG io.netty.util.internal.PlatformDependent0 - sun.misc.Unsafe.theUnsafe: available
2022-02-04 09:55:37.304 [main] DEBUG io.netty.util.internal.PlatformDependent0 - sun.misc.Unsafe.copyMemory: available
2022-02-04 09:55:37.305 [main] DEBUG io.netty.util.internal.PlatformDependent0 - java.nio.Buffer.address: available
2022-02-04 09:55:37.305 [main] DEBUG io.netty.util.internal.PlatformDependent0 - direct buffer constructor: unavailable: Reflective setAccessible(true) disabled
2022-02-04 09:55:37.306 [main] DEBUG io.netty.util.internal.PlatformDependent0 - java.nio.Bits.unaligned: available, true
2022-02-04 09:55:37.307 [main] DEBUG io.netty.util.internal.PlatformDependent0 - jdk.internal.misc.Unsafe.allocateUninitializedArray(int): unavailable: class io.netty.util.internal.PlatformDependent0$6 cannot access class jdk.internal.misc.Unsafe (in module java.base) because module java.base does not export jdk.internal.misc to unnamed module @b83a9be
2022-02-04 09:55:37.308 [main] DEBUG io.netty.util.internal.PlatformDependent0 - java.nio.DirectByteBuffer.<init>(long, int): unavailable
2022-02-04 09:55:37.309 [main] DEBUG io.netty.util.internal.PlatformDependent - sun.misc.Unsafe: available
2022-02-04 09:55:37.310 [main] DEBUG io.netty.util.internal.PlatformDependent - maxDirectMemory: 4294967296 bytes (maybe)
2022-02-04 09:55:37.310 [main] DEBUG io.netty.util.internal.PlatformDependent - -Dio.netty.tmpdir: /var/folders/5j/c7kjyy2j33nc2j6gjbtmskgr0000gs/T (java.io.tmpdir)
2022-02-04 09:55:37.310 [main] DEBUG io.netty.util.internal.PlatformDependent - -Dio.netty.bitMode: 64 (sun.arch.data.model)
2022-02-04 09:55:37.311 [main] DEBUG io.netty.util.internal.PlatformDependent - Platform: MacOS
2022-02-04 09:55:37.312 [main] DEBUG io.netty.util.internal.PlatformDependent - -Dio.netty.maxDirectMemory: -1 bytes
2022-02-04 09:55:37.312 [main] DEBUG io.netty.util.internal.PlatformDependent - -Dio.netty.uninitializedArrayAllocationThreshold: -1
2022-02-04 09:55:37.315 [main] DEBUG io.netty.util.internal.CleanerJava9 - java.nio.ByteBuffer.cleaner(): available
2022-02-04 09:55:37.315 [main] DEBUG io.netty.util.internal.PlatformDependent - -Dio.netty.noPreferDirect: false
2022-02-04 09:55:37.351 [main] DEBUG org.opensearch.threadpool.ThreadPool - created thread pool: name [force_merge], size [1], queue size [unbounded]
2022-02-04 09:55:37.352 [main] DEBUG org.opensearch.threadpool.ThreadPool - created thread pool: name [fetch_shard_started], core [1], max [24], keep alive [5m]
2022-02-04 09:55:37.352 [main] DEBUG org.opensearch.threadpool.ThreadPool - created thread pool: name [listener], size [6], queue size [unbounded]
2022-02-04 09:55:37.352 [main] DEBUG org.opensearch.threadpool.ThreadPool - created thread pool: name [refresh], core [1], max [6], keep alive [5m]
2022-02-04 09:55:37.355 [main] DEBUG org.opensearch.threadpool.ThreadPool - created thread pool: name [system_write], size [5], queue size [1k]
2022-02-04 09:55:37.355 [main] DEBUG org.opensearch.threadpool.ThreadPool - created thread pool: name [generic], core [4], max [128], keep alive [30s]
2022-02-04 09:55:37.356 [main] DEBUG org.opensearch.threadpool.ThreadPool - created thread pool: name [warmer], core [1], max [5], keep alive [5m]
2022-02-04 09:55:37.357 [main] DEBUG org.opensearch.common.util.concurrent.QueueResizingOpenSearchThreadPoolExecutor - thread pool [test/search] will adjust queue by [50] when determining automatic queue size
2022-02-04 09:55:37.358 [main] DEBUG org.opensearch.threadpool.ThreadPool - created thread pool: name [search], size [19], queue size [1k]
2022-02-04 09:55:37.358 [main] DEBUG org.opensearch.threadpool.ThreadPool - created thread pool: name [flush], core [1], max [5], keep alive [5m]
2022-02-04 09:55:37.358 [main] DEBUG org.opensearch.threadpool.ThreadPool - created thread pool: name [fetch_shard_store], core [1], max [24], keep alive [5m]
2022-02-04 09:55:37.358 [main] DEBUG org.opensearch.threadpool.ThreadPool - created thread pool: name [management], core [1], max [5], keep alive [5m]
2022-02-04 09:55:37.359 [main] DEBUG org.opensearch.threadpool.ThreadPool - created thread pool: name [get], size [12], queue size [1k]
2022-02-04 09:55:37.359 [main] DEBUG org.opensearch.threadpool.ThreadPool - created thread pool: name [analyze], size [1], queue size [16]
2022-02-04 09:55:37.359 [main] DEBUG org.opensearch.threadpool.ThreadPool - created thread pool: name [system_read], size [5], queue size [2k]
2022-02-04 09:55:37.359 [main] DEBUG org.opensearch.threadpool.ThreadPool - created thread pool: name [write], size [12], queue size [10k]
2022-02-04 09:55:37.360 [main] DEBUG org.opensearch.threadpool.ThreadPool - created thread pool: name [snapshot], core [1], max [5], keep alive [5m]
2022-02-04 09:55:37.360 [main] DEBUG org.opensearch.common.util.concurrent.QueueResizingOpenSearchThreadPoolExecutor - thread pool [test/search_throttled] will adjust queue by [50] when determining automatic queue size
2022-02-04 09:55:37.360 [main] DEBUG org.opensearch.threadpool.ThreadPool - created thread pool: name [search_throttled], size [1], queue size [100]
2022-02-04 09:55:37.368 [main] DEBUG io.netty.channel.MultithreadEventLoopGroup - -Dio.netty.eventLoopThreads: 24
2022-02-04 09:55:37.388 [main] DEBUG io.netty.util.internal.InternalThreadLocalMap - -Dio.netty.threadLocalMap.stringBuilder.initialSize: 1024
2022-02-04 09:55:37.388 [main] DEBUG io.netty.util.internal.InternalThreadLocalMap - -Dio.netty.threadLocalMap.stringBuilder.maxSize: 4096
2022-02-04 09:55:37.395 [main] DEBUG io.netty.channel.nio.NioEventLoop - -Dio.netty.noKeySetOptimization: false
2022-02-04 09:55:37.395 [main] DEBUG io.netty.channel.nio.NioEventLoop - -Dio.netty.selectorAutoRebuildThreshold: 512
2022-02-04 09:55:37.401 [main] DEBUG io.netty.util.internal.PlatformDependent - org.jctools-core.MpscChunkedArrayQueue: available
2022-02-04 09:55:37.411 [main] DEBUG IndependentPlugin - using profile[default], worker_count[12], port[3333], bind_host[[]], publish_host[[]], receive_predictor[64kb->64kb]
2022-02-04 09:55:37.437 [main] DEBUG io.netty.util.ResourceLeakDetector - -Dio.netty.leakDetection.level: simple
2022-02-04 09:55:37.437 [main] DEBUG io.netty.util.ResourceLeakDetector - -Dio.netty.leakDetection.targetRecords: 4
2022-02-04 09:55:37.440 [main] DEBUG io.netty.buffer.PooledByteBufAllocator - -Dio.netty.allocator.numHeapArenas: 24
2022-02-04 09:55:37.440 [main] DEBUG io.netty.buffer.PooledByteBufAllocator - -Dio.netty.allocator.numDirectArenas: 24
2022-02-04 09:55:37.440 [main] DEBUG io.netty.buffer.PooledByteBufAllocator - -Dio.netty.allocator.pageSize: 8192
2022-02-04 09:55:37.440 [main] DEBUG io.netty.buffer.PooledByteBufAllocator - -Dio.netty.allocator.maxOrder: 11
2022-02-04 09:55:37.440 [main] DEBUG io.netty.buffer.PooledByteBufAllocator - -Dio.netty.allocator.chunkSize: 16777216
2022-02-04 09:55:37.440 [main] DEBUG io.netty.buffer.PooledByteBufAllocator - -Dio.netty.allocator.smallCacheSize: 256
2022-02-04 09:55:37.440 [main] DEBUG io.netty.buffer.PooledByteBufAllocator - -Dio.netty.allocator.normalCacheSize: 64
2022-02-04 09:55:37.440 [main] DEBUG io.netty.buffer.PooledByteBufAllocator - -Dio.netty.allocator.maxCachedBufferCapacity: 32768
2022-02-04 09:55:37.440 [main] DEBUG io.netty.buffer.PooledByteBufAllocator - -Dio.netty.allocator.cacheTrimInterval: 8192
2022-02-04 09:55:37.441 [main] DEBUG io.netty.buffer.PooledByteBufAllocator - -Dio.netty.allocator.cacheTrimIntervalMillis: 0
2022-02-04 09:55:37.441 [main] DEBUG io.netty.buffer.PooledByteBufAllocator - -Dio.netty.allocator.useCacheForAllThreads: true
2022-02-04 09:55:37.441 [main] DEBUG io.netty.buffer.PooledByteBufAllocator - -Dio.netty.allocator.maxCachedByteBuffersPerChunk: 1023
2022-02-04 09:55:37.478 [main] DEBUG IndependentPlugin - binding server bootstrap to: [::1, 127.0.0.1]
2022-02-04 09:55:37.496 [main] DEBUG io.netty.channel.DefaultChannelId - -Dio.netty.processId: 42140 (auto-detected)
2022-02-04 09:55:37.498 [main] DEBUG io.netty.util.NetUtil - -Djava.net.preferIPv4Stack: false
2022-02-04 09:55:37.498 [main] DEBUG io.netty.util.NetUtil - -Djava.net.preferIPv6Addresses: false
2022-02-04 09:55:37.501 [main] DEBUG io.netty.util.NetUtilInitializations - Loopback interface: lo0 (lo0, 0:0:0:0:0:0:0:1%lo0)
2022-02-04 09:55:37.501 [main] DEBUG io.netty.util.NetUtil - Failed to get SOMAXCONN from sysctl and file /proc/sys/net/core/somaxconn. Default: 128
2022-02-04 09:55:37.503 [main] DEBUG io.netty.channel.DefaultChannelId - -Dio.netty.machineId: 88:66:5a:ff:fe:37:c9:4e (auto-detected)
2022-02-04 09:55:37.524 [main] DEBUG io.netty.buffer.ByteBufUtil - -Dio.netty.allocator.type: pooled
2022-02-04 09:55:37.524 [main] DEBUG io.netty.buffer.ByteBufUtil - -Dio.netty.threadLocalDirectBufferSize: 0
2022-02-04 09:55:37.524 [main] DEBUG io.netty.buffer.ByteBufUtil - -Dio.netty.maxThreadLocalCharBufferSize: 16384
2022-02-04 09:55:37.544 [main] DEBUG IndependentPlugin - Bound profile [default] to address {[::1]:3333}
2022-02-04 09:55:37.545 [main] DEBUG IndependentPlugin - Bound profile [default] to address {127.0.0.1:3333}
2022-02-04 09:55:37.547 [main] DEBUG IndependentPlugin - using profile[test], worker_count[12], port[5555], bind_host[[]], publish_host[[]], receive_predictor[64kb->64kb]
2022-02-04 09:55:37.548 [main] DEBUG IndependentPlugin - binding server bootstrap to: [::1, 127.0.0.1]
2022-02-04 09:55:37.549 [main] DEBUG IndependentPlugin - Bound profile [test] to address {[::1]:5555}
2022-02-04 09:55:37.549 [main] DEBUG IndependentPlugin - Bound profile [test] to address {127.0.0.1:5555}
2022-02-04 12:00:27.434 [main] DEBUG io.netty.util.internal.logging.InternalLoggerFactory - Using Log4J2 as the default logging framework
2022-02-04 12:00:27.441 [main] DEBUG io.netty.util.internal.PlatformDependent0 - -Dio.netty.noUnsafe: false
2022-02-04 12:00:27.441 [main] DEBUG io.netty.util.internal.PlatformDependent0 - Java version: 14
2022-02-04 12:00:27.443 [main] DEBUG io.netty.util.internal.PlatformDependent0 - sun.misc.Unsafe.theUnsafe: available
2022-02-04 12:00:27.444 [main] DEBUG io.netty.util.internal.PlatformDependent0 - sun.misc.Unsafe.copyMemory: available
2022-02-04 12:00:27.445 [main] DEBUG io.netty.util.internal.PlatformDependent0 - java.nio.Buffer.address: available
2022-02-04 12:00:27.445 [main] DEBUG io.netty.util.internal.PlatformDependent0 - direct buffer constructor: unavailable: Reflective setAccessible(true) disabled
2022-02-04 12:00:27.446 [main] DEBUG io.netty.util.internal.PlatformDependent0 - java.nio.Bits.unaligned: available, true
2022-02-04 12:00:27.447 [main] DEBUG io.netty.util.internal.PlatformDependent0 - jdk.internal.misc.Unsafe.allocateUninitializedArray(int): unavailable: class io.netty.util.internal.PlatformDependent0$6 cannot access class jdk.internal.misc.Unsafe (in module java.base) because module java.base does not export jdk.internal.misc to unnamed module @b83a9be
2022-02-04 12:00:27.449 [main] DEBUG io.netty.util.internal.PlatformDependent0 - java.nio.DirectByteBuffer.<init>(long, int): unavailable
2022-02-04 12:00:27.449 [main] DEBUG io.netty.util.internal.PlatformDependent - sun.misc.Unsafe: available
2022-02-04 12:00:27.450 [main] DEBUG io.netty.util.internal.PlatformDependent - maxDirectMemory: 4294967296 bytes (maybe)
2022-02-04 12:00:27.450 [main] DEBUG io.netty.util.internal.PlatformDependent - -Dio.netty.tmpdir: /var/folders/5j/c7kjyy2j33nc2j6gjbtmskgr0000gs/T (java.io.tmpdir)
2022-02-04 12:00:27.450 [main] DEBUG io.netty.util.internal.PlatformDependent - -Dio.netty.bitMode: 64 (sun.arch.data.model)
2022-02-04 12:00:27.451 [main] DEBUG io.netty.util.internal.PlatformDependent - Platform: MacOS
2022-02-04 12:00:27.452 [main] DEBUG io.netty.util.internal.PlatformDependent - -Dio.netty.maxDirectMemory: -1 bytes
2022-02-04 12:00:27.452 [main] DEBUG io.netty.util.internal.PlatformDependent - -Dio.netty.uninitializedArrayAllocationThreshold: -1
2022-02-04 12:00:27.453 [main] DEBUG io.netty.util.internal.CleanerJava9 - java.nio.ByteBuffer.cleaner(): available
2022-02-04 12:00:27.453 [main] DEBUG io.netty.util.internal.PlatformDependent - -Dio.netty.noPreferDirect: false
2022-02-04 12:00:27.498 [main] DEBUG org.opensearch.threadpool.ThreadPool - created thread pool: name [force_merge], size [1], queue size [unbounded]
2022-02-04 12:00:27.500 [main] DEBUG org.opensearch.threadpool.ThreadPool - created thread pool: name [fetch_shard_started], core [1], max [24], keep alive [5m]
2022-02-04 12:00:27.500 [main] DEBUG org.opensearch.threadpool.ThreadPool - created thread pool: name [listener], size [6], queue size [unbounded]
2022-02-04 12:00:27.501 [main] DEBUG org.opensearch.threadpool.ThreadPool - created thread pool: name [refresh], core [1], max [6], keep alive [5m]
2022-02-04 12:00:27.503 [main] DEBUG org.opensearch.threadpool.ThreadPool - created thread pool: name [system_write], size [5], queue size [1k]
2022-02-04 12:00:27.504 [main] DEBUG org.opensearch.threadpool.ThreadPool - created thread pool: name [generic], core [4], max [128], keep alive [30s]
2022-02-04 12:00:27.504 [main] DEBUG org.opensearch.threadpool.ThreadPool - created thread pool: name [warmer], core [1], max [5], keep alive [5m]
2022-02-04 12:00:27.506 [main] DEBUG org.opensearch.common.util.concurrent.QueueResizingOpenSearchThreadPoolExecutor - thread pool [test/search] will adjust queue by [50] when determining automatic queue size
2022-02-04 12:00:27.506 [main] DEBUG org.opensearch.threadpool.ThreadPool - created thread pool: name [search], size [19], queue size [1k]
2022-02-04 12:00:27.507 [main] DEBUG org.opensearch.threadpool.ThreadPool - created thread pool: name [flush], core [1], max [5], keep alive [5m]
2022-02-04 12:00:27.507 [main] DEBUG org.opensearch.threadpool.ThreadPool - created thread pool: name [fetch_shard_store], core [1], max [24], keep alive [5m]
2022-02-04 12:00:27.507 [main] DEBUG org.opensearch.threadpool.ThreadPool - created thread pool: name [management], core [1], max [5], keep alive [5m]
2022-02-04 12:00:27.507 [main] DEBUG org.opensearch.threadpool.ThreadPool - created thread pool: name [get], size [12], queue size [1k]
2022-02-04 12:00:27.508 [main] DEBUG org.opensearch.threadpool.ThreadPool - created thread pool: name [analyze], size [1], queue size [16]
2022-02-04 12:00:27.508 [main] DEBUG org.opensearch.threadpool.ThreadPool - created thread pool: name [system_read], size [5], queue size [2k]
2022-02-04 12:00:27.508 [main] DEBUG org.opensearch.threadpool.ThreadPool - created thread pool: name [write], size [12], queue size [10k]
2022-02-04 12:00:27.508 [main] DEBUG org.opensearch.threadpool.ThreadPool - created thread pool: name [snapshot], core [1], max [5], keep alive [5m]
2022-02-04 12:00:27.509 [main] DEBUG org.opensearch.common.util.concurrent.QueueResizingOpenSearchThreadPoolExecutor - thread pool [test/search_throttled] will adjust queue by [50] when determining automatic queue size
2022-02-04 12:00:27.509 [main] DEBUG org.opensearch.threadpool.ThreadPool - created thread pool: name [search_throttled], size [1], queue size [100]
2022-02-04 12:00:27.520 [main] DEBUG io.netty.channel.MultithreadEventLoopGroup - -Dio.netty.eventLoopThreads: 24
2022-02-04 12:00:27.542 [main] DEBUG io.netty.util.internal.InternalThreadLocalMap - -Dio.netty.threadLocalMap.stringBuilder.initialSize: 1024
2022-02-04 12:00:27.542 [main] DEBUG io.netty.util.internal.InternalThreadLocalMap - -Dio.netty.threadLocalMap.stringBuilder.maxSize: 4096
2022-02-04 12:00:27.551 [main] DEBUG io.netty.channel.nio.NioEventLoop - -Dio.netty.noKeySetOptimization: false
2022-02-04 12:00:27.551 [main] DEBUG io.netty.channel.nio.NioEventLoop - -Dio.netty.selectorAutoRebuildThreshold: 512
2022-02-04 12:00:27.558 [main] DEBUG io.netty.util.internal.PlatformDependent - org.jctools-core.MpscChunkedArrayQueue: available
2022-02-04 12:00:27.569 [main] DEBUG IndependentPlugin - using profile[default], worker_count[12], port[3333], bind_host[[]], publish_host[[]], receive_predictor[64kb->64kb]
2022-02-04 12:00:27.596 [main] DEBUG io.netty.util.ResourceLeakDetector - -Dio.netty.leakDetection.level: simple
2022-02-04 12:00:27.596 [main] DEBUG io.netty.util.ResourceLeakDetector - -Dio.netty.leakDetection.targetRecords: 4
2022-02-04 12:00:27.598 [main] DEBUG io.netty.buffer.PooledByteBufAllocator - -Dio.netty.allocator.numHeapArenas: 24
2022-02-04 12:00:27.598 [main] DEBUG io.netty.buffer.PooledByteBufAllocator - -Dio.netty.allocator.numDirectArenas: 24
2022-02-04 12:00:27.599 [main] DEBUG io.netty.buffer.PooledByteBufAllocator - -Dio.netty.allocator.pageSize: 8192
2022-02-04 12:00:27.599 [main] DEBUG io.netty.buffer.PooledByteBufAllocator - -Dio.netty.allocator.maxOrder: 11
2022-02-04 12:00:27.599 [main] DEBUG io.netty.buffer.PooledByteBufAllocator - -Dio.netty.allocator.chunkSize: 16777216
2022-02-04 12:00:27.599 [main] DEBUG io.netty.buffer.PooledByteBufAllocator - -Dio.netty.allocator.smallCacheSize: 256
2022-02-04 12:00:27.599 [main] DEBUG io.netty.buffer.PooledByteBufAllocator - -Dio.netty.allocator.normalCacheSize: 64
2022-02-04 12:00:27.599 [main] DEBUG io.netty.buffer.PooledByteBufAllocator - -Dio.netty.allocator.maxCachedBufferCapacity: 32768
2022-02-04 12:00:27.599 [main] DEBUG io.netty.buffer.PooledByteBufAllocator - -Dio.netty.allocator.cacheTrimInterval: 8192
2022-02-04 12:00:27.599 [main] DEBUG io.netty.buffer.PooledByteBufAllocator - -Dio.netty.allocator.cacheTrimIntervalMillis: 0
2022-02-04 12:00:27.599 [main] DEBUG io.netty.buffer.PooledByteBufAllocator - -Dio.netty.allocator.useCacheForAllThreads: true
2022-02-04 12:00:27.599 [main] DEBUG io.netty.buffer.PooledByteBufAllocator - -Dio.netty.allocator.maxCachedByteBuffersPerChunk: 1023
2022-02-04 12:00:27.635 [main] DEBUG IndependentPlugin - binding server bootstrap to: [::1, 127.0.0.1]
2022-02-04 12:00:27.654 [main] DEBUG io.netty.channel.DefaultChannelId - -Dio.netty.processId: 55188 (auto-detected)
2022-02-04 12:00:27.656 [main] DEBUG io.netty.util.NetUtil - -Djava.net.preferIPv4Stack: false
2022-02-04 12:00:27.656 [main] DEBUG io.netty.util.NetUtil - -Djava.net.preferIPv6Addresses: false
2022-02-04 12:00:27.660 [main] DEBUG io.netty.util.NetUtilInitializations - Loopback interface: lo0 (lo0, 0:0:0:0:0:0:0:1%lo0)
2022-02-04 12:00:27.661 [main] DEBUG io.netty.util.NetUtil - Failed to get SOMAXCONN from sysctl and file /proc/sys/net/core/somaxconn. Default: 128
2022-02-04 12:00:27.664 [main] DEBUG io.netty.channel.DefaultChannelId - -Dio.netty.machineId: 88:66:5a:ff:fe:37:c9:4e (auto-detected)
2022-02-04 12:00:27.687 [main] DEBUG io.netty.buffer.ByteBufUtil - -Dio.netty.allocator.type: pooled
2022-02-04 12:00:27.687 [main] DEBUG io.netty.buffer.ByteBufUtil - -Dio.netty.threadLocalDirectBufferSize: 0
2022-02-04 12:00:27.687 [main] DEBUG io.netty.buffer.ByteBufUtil - -Dio.netty.maxThreadLocalCharBufferSize: 16384
2022-02-04 12:00:27.708 [main] DEBUG IndependentPlugin - Bound profile [default] to address {[::1]:3333}
2022-02-04 12:00:27.710 [main] DEBUG IndependentPlugin - Bound profile [default] to address {127.0.0.1:3333}
2022-02-04 12:00:27.712 [main] DEBUG IndependentPlugin - using profile[test], worker_count[12], port[5555], bind_host[[]], publish_host[[]], receive_predictor[64kb->64kb]
2022-02-04 12:00:27.713 [main] DEBUG IndependentPlugin - binding server bootstrap to: [::1, 127.0.0.1]
2022-02-04 12:00:27.714 [main] DEBUG IndependentPlugin - Bound profile [test] to address {[::1]:5555}
2022-02-04 12:00:27.715 [main] DEBUG IndependentPlugin - Bound profile [test] to address {127.0.0.1:5555}
